-- The C compiler identification is GNU 13.3.0
-- The CXX compiler identification is GNU 13.3.0
-- Detecting C compiler ABI info
-- Detecting C compiler ABI info - done
-- Check for working C compiler: /usr/bin/cc - skipped
-- Detecting C compile features
-- Detecting C compile features - done
-- Detecting CXX compiler ABI info
-- Detecting CXX compiler ABI info - done
-- Check for working CXX compiler: /usr/bin/c++ - skipped
-- Detecting CXX compile features
-- Detecting CXX compile features - done
-- Found ament_cmake: 2.5.5 (/opt/ros/jazzy/share/ament_cmake/cmake)
-- Found Python3: /usr/bin/python3 (found version "3.12.3") found components: Interpreter 
-- Override CMake install command with custom implementation using symlinks instead of copying resources
-- Found rosidl_default_generators: 1.6.0 (/opt/ros/jazzy/share/rosidl_default_generators/cmake)
-- Using all available rosidl_typesupport_c: rosidl_typesupport_fastrtps_c;rosidl_typesupport_introspection_c
-- Using all available rosidl_typesupport_cpp: rosidl_typesupport_fastrtps_cpp;rosidl_typesupport_introspection_cpp
-- Found rosidl_adapter: 4.6.7 (/opt/ros/jazzy/share/rosidl_adapter/cmake)
-- Found std_msgs: 5.3.6 (/opt/ros/jazzy/share/std_msgs/cmake)
-- Found geometry_msgs: 5.3.6 (/opt/ros/jazzy/share/geometry_msgs/cmake)
-- Found sensor_msgs: 5.3.6 (/opt/ros/jazzy/share/sensor_msgs/cmake)
-- Found ament_cmake_ros: 0.12.0 (/opt/ros/jazzy/share/ament_cmake_ros/cmake)
-- Using all available rosidl_typesupport_c: rosidl_typesupport_fastrtps_c;rosidl_typesupport_introspection_c
-- Using all available rosidl_typesupport_cpp: rosidl_typesupport_fastrtps_cpp;rosidl_typesupport_introspection_cpp
-- Found python_cmake_module: 0.11.1 (/opt/ros/jazzy/share/python_cmake_module/cmake)
-- Found PythonExtra: /usr/bin/python3  
-- Found Python3: /usr/bin/python3 (found version "3.12.3") found components: Interpreter Development NumPy Development.Module Development.Embed 
-- Found ament_lint_auto: 0.17.4 (/opt/ros/jazzy/share/ament_lint_auto/cmake)
-- Added test 'lint_cmake' to check CMake code style
-- Added test 'xmllint' to check XML markup files
-- Configuring done (2.4s)
-- Generating done (0.0s)
-- Build files have been written to: /home/parallels/workspace/auto_nav_pioneer_ws/build/auto_nav_pioneer_interfaces
[  2%] [34m[1mGenerating type hashes for ROS interfaces[0m
[  2%] Built target ament_cmake_python_symlink_auto_nav_pioneer_interfaces
running egg_info
creating auto_nav_pioneer_interfaces.egg-info
writing auto_nav_pioneer_interfaces.egg-info/PKG-INFO
writing dependency_links to auto_nav_pioneer_interfaces.egg-info/dependency_links.txt
writing top-level names to auto_nav_pioneer_interfaces.egg-info/top_level.txt
writing manifest file 'auto_nav_pioneer_interfaces.egg-info/SOURCES.txt'
[  2%] Built target auto_nav_pioneer_interfaces__rosidl_generator_type_description
reading manifest file 'auto_nav_pioneer_interfaces.egg-info/SOURCES.txt'
[  4%] [34m[1mGenerating C code for ROS interfaces[0m
writing manifest file 'auto_nav_pioneer_interfaces.egg-info/SOURCES.txt'
[  6%] [34m[1mGenerating C++ code for ROS interfaces[0m
[  6%] Built target ament_cmake_python_build_auto_nav_pioneer_interfaces_egg
[  6%] Built target auto_nav_pioneer_interfaces__cpp
[ 13%] [32mBuilding C object CMakeFiles/auto_nav_pioneer_interfaces__rosidl_generator_c.dir/rosidl_generator_c/auto_nav_pioneer_interfaces/msg/detail/waypoint__functions.c.o[0m
[ 13%] [32mBuilding C object CMakeFiles/auto_nav_pioneer_interfaces__rosidl_generator_c.dir/rosidl_generator_c/auto_nav_pioneer_interfaces/msg/detail/waypoint_list__description.c.o[0m
[ 13%] [32mBuilding C object CMakeFiles/auto_nav_pioneer_interfaces__rosidl_generator_c.dir/rosidl_generator_c/auto_nav_pioneer_interfaces/msg/detail/waypoint__type_support.c.o[0m
[ 15%] [32mBuilding C object CMakeFiles/auto_nav_pioneer_interfaces__rosidl_generator_c.dir/rosidl_generator_c/auto_nav_pioneer_interfaces/msg/detail/waypoint__description.c.o[0m
[ 20%] [32mBuilding C object CMakeFiles/auto_nav_pioneer_interfaces__rosidl_generator_c.dir/rosidl_generator_c/auto_nav_pioneer_interfaces/msg/detail/waypoint_list__type_support.c.o[0m
[ 18%] [32mBuilding C object CMakeFiles/auto_nav_pioneer_interfaces__rosidl_generator_c.dir/rosidl_generator_c/auto_nav_pioneer_interfaces/msg/detail/waypoint_list__functions.c.o[0m
[ 22%] [32m[1mLinking C shared library libauto_nav_pioneer_interfaces__rosidl_generator_c.so[0m
[ 22%] Built target auto_nav_pioneer_interfaces__rosidl_generator_c
[ 25%] [34m[1mGenerating C++ type support for eProsima Fast-RTPS[0m
[ 34%] [34m[1mGenerating C type support for eProsima Fast-RTPS[0m
[ 34%] [34m[1mGenerating C++ introspection for ROS interfaces[0m
[ 34%] [34m[1mGenerating C type support dispatch for ROS interfaces[0m
[ 34%] [34m[1mGenerating C++ type support dispatch for ROS interfaces[0m
[ 36%] [34m[1mGenerating C introspection for ROS interfaces[0m
[ 40%] [32mBuilding CXX object CMakeFiles/auto_nav_pioneer_interfaces__rosidl_typesupport_cpp.dir/rosidl_typesupport_cpp/auto_nav_pioneer_interfaces/msg/waypoint__type_support.cpp.o[0m
[ 40%] [32mBuilding CXX object CMakeFiles/auto_nav_pioneer_interfaces__rosidl_typesupport_c.dir/rosidl_typesupport_c/auto_nav_pioneer_interfaces/msg/waypoint__type_support.cpp.o[0m
[ 43%] [32mBuilding CXX object CMakeFiles/auto_nav_pioneer_interfaces__rosidl_typesupport_cpp.dir/rosidl_typesupport_cpp/auto_nav_pioneer_interfaces/msg/waypoint_list__type_support.cpp.o[0m
[ 45%] [32mBuilding CXX object CMakeFiles/auto_nav_pioneer_interfaces__rosidl_typesupport_c.dir/rosidl_typesupport_c/auto_nav_pioneer_interfaces/msg/waypoint_list__type_support.cpp.o[0m
[ 47%] [32mBuilding CXX object CMakeFiles/auto_nav_pioneer_interfaces__rosidl_typesupport_introspection_cpp.dir/rosidl_typesupport_introspection_cpp/auto_nav_pioneer_interfaces/msg/detail/waypoint__type_support.cpp.o[0m
[ 50%] [32mBuilding C object CMakeFiles/auto_nav_pioneer_interfaces__rosidl_typesupport_introspection_c.dir/rosidl_typesupport_introspection_c/auto_nav_pioneer_interfaces/msg/detail/waypoint__type_support.c.o[0m
[ 52%] [32mBuilding CXX object CMakeFiles/auto_nav_pioneer_interfaces__rosidl_typesupport_introspection_cpp.dir/rosidl_typesupport_introspection_cpp/auto_nav_pioneer_interfaces/msg/detail/waypoint_list__type_support.cpp.o[0m
[ 54%] [32mBuilding CXX object CMakeFiles/auto_nav_pioneer_interfaces__rosidl_typesupport_fastrtps_cpp.dir/rosidl_typesupport_fastrtps_cpp/auto_nav_pioneer_interfaces/msg/detail/dds_fastrtps/waypoint__type_support.cpp.o[0m
[ 56%] [32m[1mLinking CXX shared library libauto_nav_pioneer_interfaces__rosidl_typesupport_c.so[0m
[ 59%] [32mBuilding C object CMakeFiles/auto_nav_pioneer_interfaces__rosidl_typesupport_introspection_c.dir/rosidl_typesupport_introspection_c/auto_nav_pioneer_interfaces/msg/detail/waypoint_list__type_support.c.o[0m
[ 61%] [32mBuilding CXX object CMakeFiles/auto_nav_pioneer_interfaces__rosidl_typesupport_fastrtps_c.dir/rosidl_typesupport_fastrtps_c/auto_nav_pioneer_interfaces/msg/detail/waypoint__type_support_c.cpp.o[0m
[ 61%] Built target auto_nav_pioneer_interfaces__rosidl_typesupport_c
[ 63%] [32mBuilding CXX object CMakeFiles/auto_nav_pioneer_interfaces__rosidl_typesupport_fastrtps_cpp.dir/rosidl_typesupport_fastrtps_cpp/auto_nav_pioneer_interfaces/msg/detail/dds_fastrtps/waypoint_list__type_support.cpp.o[0m
[ 65%] [32m[1mLinking C shared library libauto_nav_pioneer_interfaces__rosidl_typesupport_introspection_c.so[0m
[ 65%] Built target auto_nav_pioneer_interfaces__rosidl_typesupport_introspection_c
[ 68%] [32mBuilding CXX object CMakeFiles/auto_nav_pioneer_interfaces__rosidl_typesupport_fastrtps_c.dir/rosidl_typesupport_fastrtps_c/auto_nav_pioneer_interfaces/msg/detail/waypoint_list__type_support_c.cpp.o[0m
[ 70%] [32m[1mLinking CXX shared library libauto_nav_pioneer_interfaces__rosidl_typesupport_cpp.so[0m
[ 70%] Built target auto_nav_pioneer_interfaces__rosidl_typesupport_cpp
[ 72%] [32m[1mLinking CXX shared library libauto_nav_pioneer_interfaces__rosidl_typesupport_introspection_cpp.so[0m
[ 72%] Built target auto_nav_pioneer_interfaces__rosidl_typesupport_introspection_cpp
[ 75%] [32m[1mLinking CXX shared library libauto_nav_pioneer_interfaces__rosidl_typesupport_fastrtps_c.so[0m
[ 77%] [32m[1mLinking CXX shared library libauto_nav_pioneer_interfaces__rosidl_typesupport_fastrtps_cpp.so[0m
[ 77%] Built target auto_nav_pioneer_interfaces__rosidl_typesupport_fastrtps_c
[ 77%] Built target auto_nav_pioneer_interfaces__rosidl_typesupport_fastrtps_cpp
[ 77%] Built target auto_nav_pioneer_interfaces
[ 79%] [34m[1mGenerating Python code for ROS interfaces[0m
[ 79%] Built target auto_nav_pioneer_interfaces__py
[ 81%] [32mBuilding C object CMakeFiles/auto_nav_pioneer_interfaces__rosidl_generator_py.dir/rosidl_generator_py/auto_nav_pioneer_interfaces/msg/_waypoint_s.c.o[0m
[ 84%] [32mBuilding C object CMakeFiles/auto_nav_pioneer_interfaces__rosidl_generator_py.dir/rosidl_generator_py/auto_nav_pioneer_interfaces/msg/_waypoint_list_s.c.o[0m
[ 86%] [32m[1mLinking C shared library libauto_nav_pioneer_interfaces__rosidl_generator_py.so[0m
[ 86%] Built target auto_nav_pioneer_interfaces__rosidl_generator_py
[ 88%] [32mBuilding C object CMakeFiles/auto_nav_pioneer_interfaces_s__rosidl_typesupport_c.dir/rosidl_generator_py/auto_nav_pioneer_interfaces/_auto_nav_pioneer_interfaces_s.ep.rosidl_typesupport_c.c.o[0m
[ 90%] [32mBuilding C object CMakeFiles/auto_nav_pioneer_interfaces_s__rosidl_typesupport_fastrtps_c.dir/rosidl_generator_py/auto_nav_pioneer_interfaces/_auto_nav_pioneer_interfaces_s.ep.rosidl_typesupport_fastrtps_c.c.o[0m
[ 93%] [32mBuilding C object CMakeFiles/auto_nav_pioneer_interfaces_s__rosidl_typesupport_introspection_c.dir/rosidl_generator_py/auto_nav_pioneer_interfaces/_auto_nav_pioneer_interfaces_s.ep.rosidl_typesupport_introspection_c.c.o[0m
[ 95%] [32m[1mLinking C shared module rosidl_generator_py/auto_nav_pioneer_interfaces/auto_nav_pioneer_interfaces_s__rosidl_typesupport_c.so[0m
[ 97%] [32m[1mLinking C shared module rosidl_generator_py/auto_nav_pioneer_interfaces/auto_nav_pioneer_interfaces_s__rosidl_typesupport_introspection_c.so[0m
[100%] [32m[1mLinking C shared module rosidl_generator_py/auto_nav_pioneer_interfaces/auto_nav_pioneer_interfaces_s__rosidl_typesupport_fastrtps_c.so[0m
[100%] Built target auto_nav_pioneer_interfaces_s__rosidl_typesupport_c
[100%] Built target auto_nav_pioneer_interfaces_s__rosidl_typesupport_introspection_c
[100%] Built target auto_nav_pioneer_interfaces_s__rosidl_typesupport_fastrtps_c
-- Install configuration: ""
-- Execute custom install script
-- Symlinking: /home/parallels/workspace/auto_nav_pioneer_ws/install/auto_nav_pioneer_interfaces/share/ament_index/resource_index/rosidl_interfaces/auto_nav_pioneer_interfaces
-- Symlinking: /home/parallels/workspace/auto_nav_pioneer_ws/install/auto_nav_pioneer_interfaces/share/auto_nav_pioneer_interfaces/msg/Waypoint.json
-- Symlinking: /home/parallels/workspace/auto_nav_pioneer_ws/install/auto_nav_pioneer_interfaces/share/auto_nav_pioneer_interfaces/msg/WaypointList.json
-- Symlinking: /home/parallels/workspace/auto_nav_pioneer_ws/install/auto_nav_pioneer_interfaces/include/auto_nav_pioneer_interfaces/auto_nav_pioneer_interfaces/msg/detail/waypoint__functions.h
-- Symlinking: /home/parallels/workspace/auto_nav_pioneer_ws/install/auto_nav_pioneer_interfaces/include/auto_nav_pioneer_interfaces/auto_nav_pioneer_interfaces/msg/detail/waypoint__struct.h
-- Symlinking: /home/parallels/workspace/auto_nav_pioneer_ws/install/auto_nav_pioneer_interfaces/include/auto_nav_pioneer_interfaces/auto_nav_pioneer_interfaces/msg/detail/waypoint__type_support.h
-- Symlinking: /home/parallels/workspace/auto_nav_pioneer_ws/install/auto_nav_pioneer_interfaces/include/auto_nav_pioneer_interfaces/auto_nav_pioneer_interfaces/msg/detail/waypoint_list__functions.h
-- Symlinking: /home/parallels/workspace/auto_nav_pioneer_ws/install/auto_nav_pioneer_interfaces/include/auto_nav_pioneer_interfaces/auto_nav_pioneer_interfaces/msg/detail/waypoint_list__struct.h
-- Symlinking: /home/parallels/workspace/auto_nav_pioneer_ws/install/auto_nav_pioneer_interfaces/include/auto_nav_pioneer_interfaces/auto_nav_pioneer_interfaces/msg/detail/waypoint_list__type_support.h
-- Symlinking: /home/parallels/workspace/auto_nav_pioneer_ws/install/auto_nav_pioneer_interfaces/include/auto_nav_pioneer_interfaces/auto_nav_pioneer_interfaces/msg/rosidl_generator_c__visibility_control.h
-- Symlinking: /home/parallels/workspace/auto_nav_pioneer_ws/install/auto_nav_pioneer_interfaces/include/auto_nav_pioneer_interfaces/auto_nav_pioneer_interfaces/msg/waypoint.h
-- Symlinking: /home/parallels/workspace/auto_nav_pioneer_ws/install/auto_nav_pioneer_interfaces/include/auto_nav_pioneer_interfaces/auto_nav_pioneer_interfaces/msg/waypoint_list.h
-- Symlinking: /home/parallels/workspace/auto_nav_pioneer_ws/install/auto_nav_pioneer_interfaces/share/auto_nav_pioneer_interfaces/environment/library_path.sh
-- Symlinking: /home/parallels/workspace/auto_nav_pioneer_ws/install/auto_nav_pioneer_interfaces/share/auto_nav_pioneer_interfaces/environment/library_path.dsv
-- Symlinking: /home/parallels/workspace/auto_nav_pioneer_ws/install/auto_nav_pioneer_interfaces/include/auto_nav_pioneer_interfaces/auto_nav_pioneer_interfaces/msg/detail/waypoint__rosidl_typesupport_fastrtps_c.h
-- Symlinking: /home/parallels/workspace/auto_nav_pioneer_ws/install/auto_nav_pioneer_interfaces/include/auto_nav_pioneer_interfaces/auto_nav_pioneer_interfaces/msg/detail/waypoint_list__rosidl_typesupport_fastrtps_c.h
-- Symlinking: /home/parallels/workspace/auto_nav_pioneer_ws/install/auto_nav_pioneer_interfaces/include/auto_nav_pioneer_interfaces/auto_nav_pioneer_interfaces/msg/rosidl_typesupport_fastrtps_c__visibility_control.h
-- Symlinking: /home/parallels/workspace/auto_nav_pioneer_ws/install/auto_nav_pioneer_interfaces/include/auto_nav_pioneer_interfaces/auto_nav_pioneer_interfaces/msg/detail/waypoint__rosidl_typesupport_introspection_c.h
-- Symlinking: /home/parallels/workspace/auto_nav_pioneer_ws/install/auto_nav_pioneer_interfaces/include/auto_nav_pioneer_interfaces/auto_nav_pioneer_interfaces/msg/detail/waypoint_list__rosidl_typesupport_introspection_c.h
-- Symlinking: /home/parallels/workspace/auto_nav_pioneer_ws/install/auto_nav_pioneer_interfaces/include/auto_nav_pioneer_interfaces/auto_nav_pioneer_interfaces/msg/rosidl_typesupport_introspection_c__visibility_control.h
-- Symlinking: /home/parallels/workspace/auto_nav_pioneer_ws/install/auto_nav_pioneer_interfaces/include/auto_nav_pioneer_interfaces/auto_nav_pioneer_interfaces/msg/detail/waypoint__builder.hpp
-- Symlinking: /home/parallels/workspace/auto_nav_pioneer_ws/install/auto_nav_pioneer_interfaces/include/auto_nav_pioneer_interfaces/auto_nav_pioneer_interfaces/msg/detail/waypoint__struct.hpp
-- Symlinking: /home/parallels/workspace/auto_nav_pioneer_ws/install/auto_nav_pioneer_interfaces/include/auto_nav_pioneer_interfaces/auto_nav_pioneer_interfaces/msg/detail/waypoint__traits.hpp
-- Symlinking: /home/parallels/workspace/auto_nav_pioneer_ws/install/auto_nav_pioneer_interfaces/include/auto_nav_pioneer_interfaces/auto_nav_pioneer_interfaces/msg/detail/waypoint__type_support.hpp
-- Symlinking: /home/parallels/workspace/auto_nav_pioneer_ws/install/auto_nav_pioneer_interfaces/include/auto_nav_pioneer_interfaces/auto_nav_pioneer_interfaces/msg/detail/waypoint_list__builder.hpp
-- Symlinking: /home/parallels/workspace/auto_nav_pioneer_ws/install/auto_nav_pioneer_interfaces/include/auto_nav_pioneer_interfaces/auto_nav_pioneer_interfaces/msg/detail/waypoint_list__struct.hpp
-- Symlinking: /home/parallels/workspace/auto_nav_pioneer_ws/install/auto_nav_pioneer_interfaces/include/auto_nav_pioneer_interfaces/auto_nav_pioneer_interfaces/msg/detail/waypoint_list__traits.hpp
-- Symlinking: /home/parallels/workspace/auto_nav_pioneer_ws/install/auto_nav_pioneer_interfaces/include/auto_nav_pioneer_interfaces/auto_nav_pioneer_interfaces/msg/detail/waypoint_list__type_support.hpp
-- Symlinking: /home/parallels/workspace/auto_nav_pioneer_ws/install/auto_nav_pioneer_interfaces/include/auto_nav_pioneer_interfaces/auto_nav_pioneer_interfaces/msg/rosidl_generator_cpp__visibility_control.hpp
-- Symlinking: /home/parallels/workspace/auto_nav_pioneer_ws/install/auto_nav_pioneer_interfaces/include/auto_nav_pioneer_interfaces/auto_nav_pioneer_interfaces/msg/waypoint.hpp
-- Symlinking: /home/parallels/workspace/auto_nav_pioneer_ws/install/auto_nav_pioneer_interfaces/include/auto_nav_pioneer_interfaces/auto_nav_pioneer_interfaces/msg/waypoint_list.hpp
-- Symlinking: /home/parallels/workspace/auto_nav_pioneer_ws/install/auto_nav_pioneer_interfaces/include/auto_nav_pioneer_interfaces/auto_nav_pioneer_interfaces/msg/detail/waypoint__rosidl_typesupport_fastrtps_cpp.hpp
-- Symlinking: /home/parallels/workspace/auto_nav_pioneer_ws/install/auto_nav_pioneer_interfaces/include/auto_nav_pioneer_interfaces/auto_nav_pioneer_interfaces/msg/detail/waypoint_list__rosidl_typesupport_fastrtps_cpp.hpp
-- Symlinking: /home/parallels/workspace/auto_nav_pioneer_ws/install/auto_nav_pioneer_interfaces/include/auto_nav_pioneer_interfaces/auto_nav_pioneer_interfaces/msg/rosidl_typesupport_fastrtps_cpp__visibility_control.h
-- Symlinking: /home/parallels/workspace/auto_nav_pioneer_ws/install/auto_nav_pioneer_interfaces/include/auto_nav_pioneer_interfaces/auto_nav_pioneer_interfaces/msg/detail/waypoint__rosidl_typesupport_introspection_cpp.hpp
-- Symlinking: /home/parallels/workspace/auto_nav_pioneer_ws/install/auto_nav_pioneer_interfaces/include/auto_nav_pioneer_interfaces/auto_nav_pioneer_interfaces/msg/detail/waypoint_list__rosidl_typesupport_introspection_cpp.hpp
-- Symlinking: /home/parallels/workspace/auto_nav_pioneer_ws/install/auto_nav_pioneer_interfaces/share/auto_nav_pioneer_interfaces/environment/pythonpath.sh
-- Symlinking: /home/parallels/workspace/auto_nav_pioneer_ws/install/auto_nav_pioneer_interfaces/share/auto_nav_pioneer_interfaces/environment/pythonpath.dsv
-- Symlinking: /home/parallels/workspace/auto_nav_pioneer_ws/install/auto_nav_pioneer_interfaces/lib/python3.12/site-packages/auto_nav_pioneer_interfaces-0.0.0-py3.12.egg-info/PKG-INFO
-- Symlinking: /home/parallels/workspace/auto_nav_pioneer_ws/install/auto_nav_pioneer_interfaces/lib/python3.12/site-packages/auto_nav_pioneer_interfaces-0.0.0-py3.12.egg-info/SOURCES.txt
-- Symlinking: /home/parallels/workspace/auto_nav_pioneer_ws/install/auto_nav_pioneer_interfaces/lib/python3.12/site-packages/auto_nav_pioneer_interfaces-0.0.0-py3.12.egg-info/dependency_links.txt
-- Symlinking: /home/parallels/workspace/auto_nav_pioneer_ws/install/auto_nav_pioneer_interfaces/lib/python3.12/site-packages/auto_nav_pioneer_interfaces-0.0.0-py3.12.egg-info/top_level.txt
-- Symlinking: /home/parallels/workspace/auto_nav_pioneer_ws/install/auto_nav_pioneer_interfaces/lib/python3.12/site-packages/auto_nav_pioneer_interfaces/__init__.py
-- Symlinking: /home/parallels/workspace/auto_nav_pioneer_ws/install/auto_nav_pioneer_interfaces/lib/python3.12/site-packages/auto_nav_pioneer_interfaces/_auto_nav_pioneer_interfaces_s.ep.rosidl_typesupport_c.c
-- Symlinking: /home/parallels/workspace/auto_nav_pioneer_ws/install/auto_nav_pioneer_interfaces/lib/python3.12/site-packages/auto_nav_pioneer_interfaces/_auto_nav_pioneer_interfaces_s.ep.rosidl_typesupport_fastrtps_c.c
-- Symlinking: /home/parallels/workspace/auto_nav_pioneer_ws/install/auto_nav_pioneer_interfaces/lib/python3.12/site-packages/auto_nav_pioneer_interfaces/_auto_nav_pioneer_interfaces_s.ep.rosidl_typesupport_introspection_c.c
-- Symlinking: /home/parallels/workspace/auto_nav_pioneer_ws/install/auto_nav_pioneer_interfaces/lib/python3.12/site-packages/auto_nav_pioneer_interfaces/auto_nav_pioneer_interfaces_s__rosidl_typesupport_c.so
-- Symlinking: /home/parallels/workspace/auto_nav_pioneer_ws/install/auto_nav_pioneer_interfaces/lib/python3.12/site-packages/auto_nav_pioneer_interfaces/auto_nav_pioneer_interfaces_s__rosidl_typesupport_fastrtps_c.so
-- Symlinking: /home/parallels/workspace/auto_nav_pioneer_ws/install/auto_nav_pioneer_interfaces/lib/python3.12/site-packages/auto_nav_pioneer_interfaces/auto_nav_pioneer_interfaces_s__rosidl_typesupport_introspection_c.so
-- Symlinking: /home/parallels/workspace/auto_nav_pioneer_ws/install/auto_nav_pioneer_interfaces/lib/python3.12/site-packages/auto_nav_pioneer_interfaces/msg/__init__.py
-- Symlinking: /home/parallels/workspace/auto_nav_pioneer_ws/install/auto_nav_pioneer_interfaces/lib/python3.12/site-packages/auto_nav_pioneer_interfaces/msg/_waypoint.py
-- Symlinking: /home/parallels/workspace/auto_nav_pioneer_ws/install/auto_nav_pioneer_interfaces/lib/python3.12/site-packages/auto_nav_pioneer_interfaces/msg/_waypoint_list.py
-- Symlinking: /home/parallels/workspace/auto_nav_pioneer_ws/install/auto_nav_pioneer_interfaces/lib/python3.12/site-packages/auto_nav_pioneer_interfaces/msg/_waypoint_list_s.c
-- Symlinking: /home/parallels/workspace/auto_nav_pioneer_ws/install/auto_nav_pioneer_interfaces/lib/python3.12/site-packages/auto_nav_pioneer_interfaces/msg/_waypoint_s.c
-- Up-to-date symlink: /home/parallels/workspace/auto_nav_pioneer_ws/install/auto_nav_pioneer_interfaces/lib/python3.12/site-packages/auto_nav_pioneer_interfaces/auto_nav_pioneer_interfaces_s__rosidl_typesupport_fastrtps_c.so
-- Up-to-date symlink: /home/parallels/workspace/auto_nav_pioneer_ws/install/auto_nav_pioneer_interfaces/lib/python3.12/site-packages/auto_nav_pioneer_interfaces/auto_nav_pioneer_interfaces_s__rosidl_typesupport_introspection_c.so
-- Up-to-date symlink: /home/parallels/workspace/auto_nav_pioneer_ws/install/auto_nav_pioneer_interfaces/lib/python3.12/site-packages/auto_nav_pioneer_interfaces/auto_nav_pioneer_interfaces_s__rosidl_typesupport_c.so
-- Symlinking: /home/parallels/workspace/auto_nav_pioneer_ws/install/auto_nav_pioneer_interfaces/share/auto_nav_pioneer_interfaces/msg/Waypoint.idl
-- Symlinking: /home/parallels/workspace/auto_nav_pioneer_ws/install/auto_nav_pioneer_interfaces/share/auto_nav_pioneer_interfaces/msg/WaypointList.idl
-- Symlinking: /home/parallels/workspace/auto_nav_pioneer_ws/install/auto_nav_pioneer_interfaces/share/auto_nav_pioneer_interfaces/msg/Waypoint.msg
-- Symlinking: /home/parallels/workspace/auto_nav_pioneer_ws/install/auto_nav_pioneer_interfaces/share/auto_nav_pioneer_interfaces/msg/WaypointList.msg
-- Symlinking: /home/parallels/workspace/auto_nav_pioneer_ws/install/auto_nav_pioneer_interfaces/share/ament_index/resource_index/package_run_dependencies/auto_nav_pioneer_interfaces
-- Symlinking: /home/parallels/workspace/auto_nav_pioneer_ws/install/auto_nav_pioneer_interfaces/share/ament_index/resource_index/parent_prefix_path/auto_nav_pioneer_interfaces
-- Symlinking: /home/parallels/workspace/auto_nav_pioneer_ws/install/auto_nav_pioneer_interfaces/share/auto_nav_pioneer_interfaces/environment/ament_prefix_path.sh
-- Symlinking: /home/parallels/workspace/auto_nav_pioneer_ws/install/auto_nav_pioneer_interfaces/share/auto_nav_pioneer_interfaces/environment/ament_prefix_path.dsv
-- Symlinking: /home/parallels/workspace/auto_nav_pioneer_ws/install/auto_nav_pioneer_interfaces/share/auto_nav_pioneer_interfaces/environment/path.sh
-- Symlinking: /home/parallels/workspace/auto_nav_pioneer_ws/install/auto_nav_pioneer_interfaces/share/auto_nav_pioneer_interfaces/environment/path.dsv
-- Symlinking: /home/parallels/workspace/auto_nav_pioneer_ws/install/auto_nav_pioneer_interfaces/share/auto_nav_pioneer_interfaces/local_setup.bash
-- Symlinking: /home/parallels/workspace/auto_nav_pioneer_ws/install/auto_nav_pioneer_interfaces/share/auto_nav_pioneer_interfaces/local_setup.sh
-- Symlinking: /home/parallels/workspace/auto_nav_pioneer_ws/install/auto_nav_pioneer_interfaces/share/auto_nav_pioneer_interfaces/local_setup.zsh
-- Symlinking: /home/parallels/workspace/auto_nav_pioneer_ws/install/auto_nav_pioneer_interfaces/share/auto_nav_pioneer_interfaces/local_setup.dsv
-- Symlinking: /home/parallels/workspace/auto_nav_pioneer_ws/install/auto_nav_pioneer_interfaces/share/auto_nav_pioneer_interfaces/package.dsv
-- Symlinking: /home/parallels/workspace/auto_nav_pioneer_ws/install/auto_nav_pioneer_interfaces/share/ament_index/resource_index/packages/auto_nav_pioneer_interfaces
-- Symlinking: /home/parallels/workspace/auto_nav_pioneer_ws/install/auto_nav_pioneer_interfaces/share/auto_nav_pioneer_interfaces/cmake/rosidl_cmake-extras.cmake
-- Symlinking: /home/parallels/workspace/auto_nav_pioneer_ws/install/auto_nav_pioneer_interfaces/share/auto_nav_pioneer_interfaces/cmake/ament_cmake_export_dependencies-extras.cmake
-- Symlinking: /home/parallels/workspace/auto_nav_pioneer_ws/install/auto_nav_pioneer_interfaces/share/auto_nav_pioneer_interfaces/cmake/ament_cmake_export_include_directories-extras.cmake
-- Symlinking: /home/parallels/workspace/auto_nav_pioneer_ws/install/auto_nav_pioneer_interfaces/share/auto_nav_pioneer_interfaces/cmake/ament_cmake_export_libraries-extras.cmake
-- Symlinking: /home/parallels/workspace/auto_nav_pioneer_ws/install/auto_nav_pioneer_interfaces/share/auto_nav_pioneer_interfaces/cmake/ament_cmake_export_targets-extras.cmake
-- Symlinking: /home/parallels/workspace/auto_nav_pioneer_ws/install/auto_nav_pioneer_interfaces/share/auto_nav_pioneer_interfaces/cmake/rosidl_cmake_export_typesupport_targets-extras.cmake
-- Symlinking: /home/parallels/workspace/auto_nav_pioneer_ws/install/auto_nav_pioneer_interfaces/share/auto_nav_pioneer_interfaces/cmake/rosidl_cmake_export_typesupport_libraries-extras.cmake
-- Symlinking: /home/parallels/workspace/auto_nav_pioneer_ws/install/auto_nav_pioneer_interfaces/share/auto_nav_pioneer_interfaces/cmake/auto_nav_pioneer_interfacesConfig.cmake
-- Symlinking: /home/parallels/workspace/auto_nav_pioneer_ws/install/auto_nav_pioneer_interfaces/share/auto_nav_pioneer_interfaces/cmake/auto_nav_pioneer_interfacesConfig-version.cmake
-- Symlinking: /home/parallels/workspace/auto_nav_pioneer_ws/install/auto_nav_pioneer_interfaces/share/auto_nav_pioneer_interfaces/package.xml
-- Installing: /home/parallels/workspace/auto_nav_pioneer_ws/install/auto_nav_pioneer_interfaces/lib/libauto_nav_pioneer_interfaces__rosidl_generator_c.so
-- Set non-toolchain portion of runtime path of "/home/parallels/workspace/auto_nav_pioneer_ws/install/auto_nav_pioneer_interfaces/lib/libauto_nav_pioneer_interfaces__rosidl_generator_c.so" to ""
-- Installing: /home/parallels/workspace/auto_nav_pioneer_ws/install/auto_nav_pioneer_interfaces/lib/libauto_nav_pioneer_interfaces__rosidl_typesupport_fastrtps_c.so
-- Set non-toolchain portion of runtime path of "/home/parallels/workspace/auto_nav_pioneer_ws/install/auto_nav_pioneer_interfaces/lib/libauto_nav_pioneer_interfaces__rosidl_typesupport_fastrtps_c.so" to ""
-- Installing: /home/parallels/workspace/auto_nav_pioneer_ws/install/auto_nav_pioneer_interfaces/lib/libauto_nav_pioneer_interfaces__rosidl_typesupport_introspection_c.so
-- Set non-toolchain portion of runtime path of "/home/parallels/workspace/auto_nav_pioneer_ws/install/auto_nav_pioneer_interfaces/lib/libauto_nav_pioneer_interfaces__rosidl_typesupport_introspection_c.so" to ""
-- Installing: /home/parallels/workspace/auto_nav_pioneer_ws/install/auto_nav_pioneer_interfaces/lib/libauto_nav_pioneer_interfaces__rosidl_typesupport_c.so
-- Set non-toolchain portion of runtime path of "/home/parallels/workspace/auto_nav_pioneer_ws/install/auto_nav_pioneer_interfaces/lib/libauto_nav_pioneer_interfaces__rosidl_typesupport_c.so" to ""
-- Installing: /home/parallels/workspace/auto_nav_pioneer_ws/install/auto_nav_pioneer_interfaces/lib/libauto_nav_pioneer_interfaces__rosidl_typesupport_fastrtps_cpp.so
-- Set non-toolchain portion of runtime path of "/home/parallels/workspace/auto_nav_pioneer_ws/install/auto_nav_pioneer_interfaces/lib/libauto_nav_pioneer_interfaces__rosidl_typesupport_fastrtps_cpp.so" to ""
-- Installing: /home/parallels/workspace/auto_nav_pioneer_ws/install/auto_nav_pioneer_interfaces/lib/libauto_nav_pioneer_interfaces__rosidl_typesupport_introspection_cpp.so
-- Set non-toolchain portion of runtime path of "/home/parallels/workspace/auto_nav_pioneer_ws/install/auto_nav_pioneer_interfaces/lib/libauto_nav_pioneer_interfaces__rosidl_typesupport_introspection_cpp.so" to ""
-- Installing: /home/parallels/workspace/auto_nav_pioneer_ws/install/auto_nav_pioneer_interfaces/lib/libauto_nav_pioneer_interfaces__rosidl_typesupport_cpp.so
-- Set non-toolchain portion of runtime path of "/home/parallels/workspace/auto_nav_pioneer_ws/install/auto_nav_pioneer_interfaces/lib/libauto_nav_pioneer_interfaces__rosidl_typesupport_cpp.so" to ""
Listing '/home/parallels/workspace/auto_nav_pioneer_ws/install/auto_nav_pioneer_interfaces/lib/python3.12/site-packages/auto_nav_pioneer_interfaces'...
Compiling '/home/parallels/workspace/auto_nav_pioneer_ws/install/auto_nav_pioneer_interfaces/lib/python3.12/site-packages/auto_nav_pioneer_interfaces/__init__.py'...
Listing '/home/parallels/workspace/auto_nav_pioneer_ws/install/auto_nav_pioneer_interfaces/lib/python3.12/site-packages/auto_nav_pioneer_interfaces/msg'...
Compiling '/home/parallels/workspace/auto_nav_pioneer_ws/install/auto_nav_pioneer_interfaces/lib/python3.12/site-packages/auto_nav_pioneer_interfaces/msg/__init__.py'...
Compiling '/home/parallels/workspace/auto_nav_pioneer_ws/install/auto_nav_pioneer_interfaces/lib/python3.12/site-packages/auto_nav_pioneer_interfaces/msg/_waypoint.py'...
Compiling '/home/parallels/workspace/auto_nav_pioneer_ws/install/auto_nav_pioneer_interfaces/lib/python3.12/site-packages/auto_nav_pioneer_interfaces/msg/_waypoint_list.py'...
-- Installing: /home/parallels/workspace/auto_nav_pioneer_ws/install/auto_nav_pioneer_interfaces/lib/libauto_nav_pioneer_interfaces__rosidl_generator_py.so
-- Set non-toolchain portion of runtime path of "/home/parallels/workspace/auto_nav_pioneer_ws/install/auto_nav_pioneer_interfaces/lib/libauto_nav_pioneer_interfaces__rosidl_generator_py.so" to ""
-- Installing: /home/parallels/workspace/auto_nav_pioneer_ws/install/auto_nav_pioneer_interfaces/share/auto_nav_pioneer_interfaces/cmake/export_auto_nav_pioneer_interfaces__rosidl_generator_cExport.cmake
-- Installing: /home/parallels/workspace/auto_nav_pioneer_ws/install/auto_nav_pioneer_interfaces/share/auto_nav_pioneer_interfaces/cmake/export_auto_nav_pioneer_interfaces__rosidl_generator_cExport-noconfig.cmake
-- Installing: /home/parallels/workspace/auto_nav_pioneer_ws/install/auto_nav_pioneer_interfaces/share/auto_nav_pioneer_interfaces/cmake/export_auto_nav_pioneer_interfaces__rosidl_typesupport_fastrtps_cExport.cmake
-- Installing: /home/parallels/workspace/auto_nav_pioneer_ws/install/auto_nav_pioneer_interfaces/share/auto_nav_pioneer_interfaces/cmake/export_auto_nav_pioneer_interfaces__rosidl_typesupport_fastrtps_cExport-noconfig.cmake
-- Installing: /home/parallels/workspace/auto_nav_pioneer_ws/install/auto_nav_pioneer_interfaces/share/auto_nav_pioneer_interfaces/cmake/auto_nav_pioneer_interfaces__rosidl_typesupport_introspection_cExport.cmake
-- Installing: /home/parallels/workspace/auto_nav_pioneer_ws/install/auto_nav_pioneer_interfaces/share/auto_nav_pioneer_interfaces/cmake/auto_nav_pioneer_interfaces__rosidl_typesupport_introspection_cExport-noconfig.cmake
-- Installing: /home/parallels/workspace/auto_nav_pioneer_ws/install/auto_nav_pioneer_interfaces/share/auto_nav_pioneer_interfaces/cmake/auto_nav_pioneer_interfaces__rosidl_typesupport_cExport.cmake
-- Installing: /home/parallels/workspace/auto_nav_pioneer_ws/install/auto_nav_pioneer_interfaces/share/auto_nav_pioneer_interfaces/cmake/auto_nav_pioneer_interfaces__rosidl_typesupport_cExport-noconfig.cmake
-- Installing: /home/parallels/workspace/auto_nav_pioneer_ws/install/auto_nav_pioneer_interfaces/share/auto_nav_pioneer_interfaces/cmake/export_auto_nav_pioneer_interfaces__rosidl_generator_cppExport.cmake
-- Installing: /home/parallels/workspace/auto_nav_pioneer_ws/install/auto_nav_pioneer_interfaces/share/auto_nav_pioneer_interfaces/cmake/export_auto_nav_pioneer_interfaces__rosidl_typesupport_fastrtps_cppExport.cmake
-- Installing: /home/parallels/workspace/auto_nav_pioneer_ws/install/auto_nav_pioneer_interfaces/share/auto_nav_pioneer_interfaces/cmake/export_auto_nav_pioneer_interfaces__rosidl_typesupport_fastrtps_cppExport-noconfig.cmake
-- Installing: /home/parallels/workspace/auto_nav_pioneer_ws/install/auto_nav_pioneer_interfaces/share/auto_nav_pioneer_interfaces/cmake/auto_nav_pioneer_interfaces__rosidl_typesupport_introspection_cppExport.cmake
-- Installing: /home/parallels/workspace/auto_nav_pioneer_ws/install/auto_nav_pioneer_interfaces/share/auto_nav_pioneer_interfaces/cmake/auto_nav_pioneer_interfaces__rosidl_typesupport_introspection_cppExport-noconfig.cmake
-- Installing: /home/parallels/workspace/auto_nav_pioneer_ws/install/auto_nav_pioneer_interfaces/share/auto_nav_pioneer_interfaces/cmake/auto_nav_pioneer_interfaces__rosidl_typesupport_cppExport.cmake
-- Installing: /home/parallels/workspace/auto_nav_pioneer_ws/install/auto_nav_pioneer_interfaces/share/auto_nav_pioneer_interfaces/cmake/auto_nav_pioneer_interfaces__rosidl_typesupport_cppExport-noconfig.cmake
-- Installing: /home/parallels/workspace/auto_nav_pioneer_ws/install/auto_nav_pioneer_interfaces/share/auto_nav_pioneer_interfaces/cmake/export_auto_nav_pioneer_interfaces__rosidl_generator_pyExport.cmake
-- Installing: /home/parallels/workspace/auto_nav_pioneer_ws/install/auto_nav_pioneer_interfaces/share/auto_nav_pioneer_interfaces/cmake/export_auto_nav_pioneer_interfaces__rosidl_generator_pyExport-noconfig.cmake
