[0.006s] Invoking command in '/home/parallels/workspace/auto_nav_pioneer_ws/build/auto_nav_pioneer_interfaces': CMAKE_PREFIX_PATH=${CMAKE_PREFIX_PATH}:/home/parallels/auto4508/dev_pioneer_part_2/install/pioneer_part2:/opt/ros/jazzy DEBUGINFOD_URLS=https://debuginfod.ubuntu.com /usr/bin/cmake /home/parallels/workspace/auto_nav_pioneer_ws/src/auto_nav_pioneer_interfaces -DAMENT_CMAKE_SYMLINK_INSTALL=1 -DCMAKE_INSTALL_PREFIX=/home/parallels/workspace/auto_nav_pioneer_ws/install/auto_nav_pioneer_interfaces
[0.057s] -- The C compiler identification is GNU 13.3.0
[0.103s] -- The CXX compiler identification is GNU 13.3.0
[0.115s] -- Detecting C compiler ABI info
[0.195s] -- Detecting C compiler ABI info - done
[0.208s] -- Check for working C compiler: /usr/bin/cc - skipped
[0.208s] -- Detecting C compile features
[0.208s] -- Detecting C compile features - done
[0.215s] -- Detecting CXX compiler ABI info
[0.290s] -- Detecting CXX compiler ABI info - done
[0.298s] -- Check for working CXX compiler: /usr/bin/c++ - skipped
[0.298s] -- Detecting CXX compile features
[0.299s] -- Detecting CXX compile features - done
[0.302s] -- Found ament_cmake: 2.5.5 (/opt/ros/jazzy/share/ament_cmake/cmake)
[0.413s] -- Found Python3: /usr/bin/python3 (found version "3.12.3") found components: Interpreter 
[0.464s] -- Override CMake install command with custom implementation using symlinks instead of copying resources
[0.501s] -- Found rosidl_default_generators: 1.6.0 (/opt/ros/jazzy/share/rosidl_default_generators/cmake)
[0.507s] -- Using all available rosidl_typesupport_c: rosidl_typesupport_fastrtps_c;rosidl_typesupport_introspection_c
[0.560s] -- Using all available rosidl_typesupport_cpp: rosidl_typesupport_fastrtps_cpp;rosidl_typesupport_introspection_cpp
[0.603s] -- Found rosidl_adapter: 4.6.7 (/opt/ros/jazzy/share/rosidl_adapter/cmake)
[0.606s] -- Found std_msgs: 5.3.6 (/opt/ros/jazzy/share/std_msgs/cmake)
[0.639s] -- Found geometry_msgs: 5.3.6 (/opt/ros/jazzy/share/geometry_msgs/cmake)
[0.654s] -- Found sensor_msgs: 5.3.6 (/opt/ros/jazzy/share/sensor_msgs/cmake)
[1.103s] -- Found ament_cmake_ros: 0.12.0 (/opt/ros/jazzy/share/ament_cmake_ros/cmake)
[1.494s] -- Using all available rosidl_typesupport_c: rosidl_typesupport_fastrtps_c;rosidl_typesupport_introspection_c
[1.948s] -- Using all available rosidl_typesupport_cpp: rosidl_typesupport_fastrtps_cpp;rosidl_typesupport_introspection_cpp
[1.951s] -- Found python_cmake_module: 0.11.1 (/opt/ros/jazzy/share/python_cmake_module/cmake)
[2.036s] -- Found PythonExtra: /usr/bin/python3  
[2.308s] -- Found Python3: /usr/bin/python3 (found version "3.12.3") found components: Interpreter Development NumPy Development.Module Development.Embed 
[2.357s] -- Found ament_lint_auto: 0.17.4 (/opt/ros/jazzy/share/ament_lint_auto/cmake)
[2.379s] -- Added test 'lint_cmake' to check CMake code style
[2.380s] -- Added test 'xmllint' to check XML markup files
[2.382s] -- Configuring done (2.4s)
[2.411s] -- Generating done (0.0s)
[2.419s] -- Build files have been written to: /home/parallels/workspace/auto_nav_pioneer_ws/build/auto_nav_pioneer_interfaces
[2.425s] Invoked command in '/home/parallels/workspace/auto_nav_pioneer_ws/build/auto_nav_pioneer_interfaces' returned '0': CMAKE_PREFIX_PATH=${CMAKE_PREFIX_PATH}:/home/parallels/auto4508/dev_pioneer_part_2/install/pioneer_part2:/opt/ros/jazzy DEBUGINFOD_URLS=https://debuginfod.ubuntu.com /usr/bin/cmake /home/parallels/workspace/auto_nav_pioneer_ws/src/auto_nav_pioneer_interfaces -DAMENT_CMAKE_SYMLINK_INSTALL=1 -DCMAKE_INSTALL_PREFIX=/home/parallels/workspace/auto_nav_pioneer_ws/install/auto_nav_pioneer_interfaces
[2.426s] Invoking command in '/home/parallels/workspace/auto_nav_pioneer_ws/build/auto_nav_pioneer_interfaces': CMAKE_PREFIX_PATH=${CMAKE_PREFIX_PATH}:/home/parallels/auto4508/dev_pioneer_part_2/install/pioneer_part2:/opt/ros/jazzy DEBUGINFOD_URLS=https://debuginfod.ubuntu.com /usr/bin/cmake --build /home/parallels/workspace/auto_nav_pioneer_ws/build/auto_nav_pioneer_interfaces -- -j8 -l8
[2.460s] [  2%] [34m[1mGenerating type hashes for ROS interfaces[0m
[2.466s] [  2%] Built target ament_cmake_python_symlink_auto_nav_pioneer_interfaces
[2.589s] running egg_info
[2.589s] creating auto_nav_pioneer_interfaces.egg-info
[2.600s] writing auto_nav_pioneer_interfaces.egg-info/PKG-INFO
[2.600s] writing dependency_links to auto_nav_pioneer_interfaces.egg-info/dependency_links.txt
[2.600s] writing top-level names to auto_nav_pioneer_interfaces.egg-info/top_level.txt
[2.600s] writing manifest file 'auto_nav_pioneer_interfaces.egg-info/SOURCES.txt'
[2.624s] [  2%] Built target auto_nav_pioneer_interfaces__rosidl_generator_type_description
[2.632s] reading manifest file 'auto_nav_pioneer_interfaces.egg-info/SOURCES.txt'
[2.632s] [  4%] [34m[1mGenerating C code for ROS interfaces[0m
[2.632s] writing manifest file 'auto_nav_pioneer_interfaces.egg-info/SOURCES.txt'
[2.640s] [  6%] [34m[1mGenerating C++ code for ROS interfaces[0m
[2.657s] [  6%] Built target ament_cmake_python_build_auto_nav_pioneer_interfaces_egg
[2.848s] [  6%] Built target auto_nav_pioneer_interfaces__cpp
[2.871s] [ 13%] [32mBuilding C object CMakeFiles/auto_nav_pioneer_interfaces__rosidl_generator_c.dir/rosidl_generator_c/auto_nav_pioneer_interfaces/msg/detail/waypoint__functions.c.o[0m
[2.871s] [ 13%] [32mBuilding C object CMakeFiles/auto_nav_pioneer_interfaces__rosidl_generator_c.dir/rosidl_generator_c/auto_nav_pioneer_interfaces/msg/detail/waypoint_list__description.c.o[0m
[2.871s] [ 13%] [32mBuilding C object CMakeFiles/auto_nav_pioneer_interfaces__rosidl_generator_c.dir/rosidl_generator_c/auto_nav_pioneer_interfaces/msg/detail/waypoint__type_support.c.o[0m
[2.871s] [ 15%] [32mBuilding C object CMakeFiles/auto_nav_pioneer_interfaces__rosidl_generator_c.dir/rosidl_generator_c/auto_nav_pioneer_interfaces/msg/detail/waypoint__description.c.o[0m
[2.871s] [ 20%] [32mBuilding C object CMakeFiles/auto_nav_pioneer_interfaces__rosidl_generator_c.dir/rosidl_generator_c/auto_nav_pioneer_interfaces/msg/detail/waypoint_list__type_support.c.o[0m
[2.871s] [ 18%] [32mBuilding C object CMakeFiles/auto_nav_pioneer_interfaces__rosidl_generator_c.dir/rosidl_generator_c/auto_nav_pioneer_interfaces/msg/detail/waypoint_list__functions.c.o[0m
[2.906s] [ 22%] [32m[1mLinking C shared library libauto_nav_pioneer_interfaces__rosidl_generator_c.so[0m
[2.931s] [ 22%] Built target auto_nav_pioneer_interfaces__rosidl_generator_c
[2.938s] [ 25%] [34m[1mGenerating C++ type support for eProsima Fast-RTPS[0m
[2.938s] [ 34%] [34m[1mGenerating C type support for eProsima Fast-RTPS[0m
[2.938s] [ 34%] [34m[1mGenerating C++ introspection for ROS interfaces[0m
[2.938s] [ 34%] [34m[1mGenerating C type support dispatch for ROS interfaces[0m
[2.939s] [ 34%] [34m[1mGenerating C++ type support dispatch for ROS interfaces[0m
[2.939s] [ 36%] [34m[1mGenerating C introspection for ROS interfaces[0m
[3.127s] [ 40%] [32mBuilding CXX object CMakeFiles/auto_nav_pioneer_interfaces__rosidl_typesupport_cpp.dir/rosidl_typesupport_cpp/auto_nav_pioneer_interfaces/msg/waypoint__type_support.cpp.o[0m
[3.127s] [ 40%] [32mBuilding CXX object CMakeFiles/auto_nav_pioneer_interfaces__rosidl_typesupport_c.dir/rosidl_typesupport_c/auto_nav_pioneer_interfaces/msg/waypoint__type_support.cpp.o[0m
[3.134s] [ 43%] [32mBuilding CXX object CMakeFiles/auto_nav_pioneer_interfaces__rosidl_typesupport_cpp.dir/rosidl_typesupport_cpp/auto_nav_pioneer_interfaces/msg/waypoint_list__type_support.cpp.o[0m
[3.140s] [ 45%] [32mBuilding CXX object CMakeFiles/auto_nav_pioneer_interfaces__rosidl_typesupport_c.dir/rosidl_typesupport_c/auto_nav_pioneer_interfaces/msg/waypoint_list__type_support.cpp.o[0m
[3.147s] [ 47%] [32mBuilding CXX object CMakeFiles/auto_nav_pioneer_interfaces__rosidl_typesupport_introspection_cpp.dir/rosidl_typesupport_introspection_cpp/auto_nav_pioneer_interfaces/msg/detail/waypoint__type_support.cpp.o[0m
[3.154s] [ 50%] [32mBuilding C object CMakeFiles/auto_nav_pioneer_interfaces__rosidl_typesupport_introspection_c.dir/rosidl_typesupport_introspection_c/auto_nav_pioneer_interfaces/msg/detail/waypoint__type_support.c.o[0m
[3.161s] [ 52%] [32mBuilding CXX object CMakeFiles/auto_nav_pioneer_interfaces__rosidl_typesupport_introspection_cpp.dir/rosidl_typesupport_introspection_cpp/auto_nav_pioneer_interfaces/msg/detail/waypoint_list__type_support.cpp.o[0m
[3.171s] [ 54%] [32mBuilding CXX object CMakeFiles/auto_nav_pioneer_interfaces__rosidl_typesupport_fastrtps_cpp.dir/rosidl_typesupport_fastrtps_cpp/auto_nav_pioneer_interfaces/msg/detail/dds_fastrtps/waypoint__type_support.cpp.o[0m
[3.176s] [ 56%] [32m[1mLinking CXX shared library libauto_nav_pioneer_interfaces__rosidl_typesupport_c.so[0m
[3.187s] [ 59%] [32mBuilding C object CMakeFiles/auto_nav_pioneer_interfaces__rosidl_typesupport_introspection_c.dir/rosidl_typesupport_introspection_c/auto_nav_pioneer_interfaces/msg/detail/waypoint_list__type_support.c.o[0m
[3.191s] [ 61%] [32mBuilding CXX object CMakeFiles/auto_nav_pioneer_interfaces__rosidl_typesupport_fastrtps_c.dir/rosidl_typesupport_fastrtps_c/auto_nav_pioneer_interfaces/msg/detail/waypoint__type_support_c.cpp.o[0m
[3.213s] [ 61%] Built target auto_nav_pioneer_interfaces__rosidl_typesupport_c
[3.220s] [ 63%] [32mBuilding CXX object CMakeFiles/auto_nav_pioneer_interfaces__rosidl_typesupport_fastrtps_cpp.dir/rosidl_typesupport_fastrtps_cpp/auto_nav_pioneer_interfaces/msg/detail/dds_fastrtps/waypoint_list__type_support.cpp.o[0m
[3.222s] [ 65%] [32m[1mLinking C shared library libauto_nav_pioneer_interfaces__rosidl_typesupport_introspection_c.so[0m
[3.248s] [ 65%] Built target auto_nav_pioneer_interfaces__rosidl_typesupport_introspection_c
[3.257s] [ 68%] [32mBuilding CXX object CMakeFiles/auto_nav_pioneer_interfaces__rosidl_typesupport_fastrtps_c.dir/rosidl_typesupport_fastrtps_c/auto_nav_pioneer_interfaces/msg/detail/waypoint_list__type_support_c.cpp.o[0m
[3.373s] [ 70%] [32m[1mLinking CXX shared library libauto_nav_pioneer_interfaces__rosidl_typesupport_cpp.so[0m
[3.406s] [ 70%] Built target auto_nav_pioneer_interfaces__rosidl_typesupport_cpp
[3.427s] [ 72%] [32m[1mLinking CXX shared library libauto_nav_pioneer_interfaces__rosidl_typesupport_introspection_cpp.so[0m
[3.484s] [ 72%] Built target auto_nav_pioneer_interfaces__rosidl_typesupport_introspection_cpp
[3.562s] [ 75%] [32m[1mLinking CXX shared library libauto_nav_pioneer_interfaces__rosidl_typesupport_fastrtps_c.so[0m
[3.571s] [ 77%] [32m[1mLinking CXX shared library libauto_nav_pioneer_interfaces__rosidl_typesupport_fastrtps_cpp.so[0m
[3.613s] [ 77%] Built target auto_nav_pioneer_interfaces__rosidl_typesupport_fastrtps_c
[3.624s] [ 77%] Built target auto_nav_pioneer_interfaces__rosidl_typesupport_fastrtps_cpp
[3.636s] [ 77%] Built target auto_nav_pioneer_interfaces
[3.649s] [ 79%] [34m[1mGenerating Python code for ROS interfaces[0m
[3.917s] [ 79%] Built target auto_nav_pioneer_interfaces__py
[3.929s] [ 81%] [32mBuilding C object CMakeFiles/auto_nav_pioneer_interfaces__rosidl_generator_py.dir/rosidl_generator_py/auto_nav_pioneer_interfaces/msg/_waypoint_s.c.o[0m
[3.929s] [ 84%] [32mBuilding C object CMakeFiles/auto_nav_pioneer_interfaces__rosidl_generator_py.dir/rosidl_generator_py/auto_nav_pioneer_interfaces/msg/_waypoint_list_s.c.o[0m
[4.008s] [ 86%] [32m[1mLinking C shared library libauto_nav_pioneer_interfaces__rosidl_generator_py.so[0m
[4.038s] [ 86%] Built target auto_nav_pioneer_interfaces__rosidl_generator_py
[4.051s] [ 88%] [32mBuilding C object CMakeFiles/auto_nav_pioneer_interfaces_s__rosidl_typesupport_c.dir/rosidl_generator_py/auto_nav_pioneer_interfaces/_auto_nav_pioneer_interfaces_s.ep.rosidl_typesupport_c.c.o[0m
[4.051s] [ 90%] [32mBuilding C object CMakeFiles/auto_nav_pioneer_interfaces_s__rosidl_typesupport_fastrtps_c.dir/rosidl_generator_py/auto_nav_pioneer_interfaces/_auto_nav_pioneer_interfaces_s.ep.rosidl_typesupport_fastrtps_c.c.o[0m
[4.051s] [ 93%] [32mBuilding C object CMakeFiles/auto_nav_pioneer_interfaces_s__rosidl_typesupport_introspection_c.dir/rosidl_generator_py/auto_nav_pioneer_interfaces/_auto_nav_pioneer_interfaces_s.ep.rosidl_typesupport_introspection_c.c.o[0m
[4.117s] [ 95%] [32m[1mLinking C shared module rosidl_generator_py/auto_nav_pioneer_interfaces/auto_nav_pioneer_interfaces_s__rosidl_typesupport_c.so[0m
[4.118s] [ 97%] [32m[1mLinking C shared module rosidl_generator_py/auto_nav_pioneer_interfaces/auto_nav_pioneer_interfaces_s__rosidl_typesupport_introspection_c.so[0m
[4.119s] [100%] [32m[1mLinking C shared module rosidl_generator_py/auto_nav_pioneer_interfaces/auto_nav_pioneer_interfaces_s__rosidl_typesupport_fastrtps_c.so[0m
[4.137s] [100%] Built target auto_nav_pioneer_interfaces_s__rosidl_typesupport_c
[4.139s] [100%] Built target auto_nav_pioneer_interfaces_s__rosidl_typesupport_introspection_c
[4.139s] [100%] Built target auto_nav_pioneer_interfaces_s__rosidl_typesupport_fastrtps_c
[4.147s] Invoked command in '/home/parallels/workspace/auto_nav_pioneer_ws/build/auto_nav_pioneer_interfaces' returned '0': CMAKE_PREFIX_PATH=${CMAKE_PREFIX_PATH}:/home/parallels/auto4508/dev_pioneer_part_2/install/pioneer_part2:/opt/ros/jazzy DEBUGINFOD_URLS=https://debuginfod.ubuntu.com /usr/bin/cmake --build /home/parallels/workspace/auto_nav_pioneer_ws/build/auto_nav_pioneer_interfaces -- -j8 -l8
[4.153s] Invoking command in '/home/parallels/workspace/auto_nav_pioneer_ws/build/auto_nav_pioneer_interfaces': CMAKE_PREFIX_PATH=${CMAKE_PREFIX_PATH}:/home/parallels/auto4508/dev_pioneer_part_2/install/pioneer_part2:/opt/ros/jazzy DEBUGINFOD_URLS=https://debuginfod.ubuntu.com /usr/bin/cmake --install /home/parallels/workspace/auto_nav_pioneer_ws/build/auto_nav_pioneer_interfaces
[4.158s] -- Install configuration: ""
[4.158s] -- Execute custom install script
[4.159s] -- Symlinking: /home/parallels/workspace/auto_nav_pioneer_ws/install/auto_nav_pioneer_interfaces/share/ament_index/resource_index/rosidl_interfaces/auto_nav_pioneer_interfaces
[4.164s] -- Symlinking: /home/parallels/workspace/auto_nav_pioneer_ws/install/auto_nav_pioneer_interfaces/share/auto_nav_pioneer_interfaces/msg/Waypoint.json
[4.169s] -- Symlinking: /home/parallels/workspace/auto_nav_pioneer_ws/install/auto_nav_pioneer_interfaces/share/auto_nav_pioneer_interfaces/msg/WaypointList.json
[4.175s] -- Symlinking: /home/parallels/workspace/auto_nav_pioneer_ws/install/auto_nav_pioneer_interfaces/include/auto_nav_pioneer_interfaces/auto_nav_pioneer_interfaces/msg/detail/waypoint__functions.h
[4.182s] -- Symlinking: /home/parallels/workspace/auto_nav_pioneer_ws/install/auto_nav_pioneer_interfaces/include/auto_nav_pioneer_interfaces/auto_nav_pioneer_interfaces/msg/detail/waypoint__struct.h
[4.187s] -- Symlinking: /home/parallels/workspace/auto_nav_pioneer_ws/install/auto_nav_pioneer_interfaces/include/auto_nav_pioneer_interfaces/auto_nav_pioneer_interfaces/msg/detail/waypoint__type_support.h
[4.192s] -- Symlinking: /home/parallels/workspace/auto_nav_pioneer_ws/install/auto_nav_pioneer_interfaces/include/auto_nav_pioneer_interfaces/auto_nav_pioneer_interfaces/msg/detail/waypoint_list__functions.h
[4.197s] -- Symlinking: /home/parallels/workspace/auto_nav_pioneer_ws/install/auto_nav_pioneer_interfaces/include/auto_nav_pioneer_interfaces/auto_nav_pioneer_interfaces/msg/detail/waypoint_list__struct.h
[4.203s] -- Symlinking: /home/parallels/workspace/auto_nav_pioneer_ws/install/auto_nav_pioneer_interfaces/include/auto_nav_pioneer_interfaces/auto_nav_pioneer_interfaces/msg/detail/waypoint_list__type_support.h
[4.208s] -- Symlinking: /home/parallels/workspace/auto_nav_pioneer_ws/install/auto_nav_pioneer_interfaces/include/auto_nav_pioneer_interfaces/auto_nav_pioneer_interfaces/msg/rosidl_generator_c__visibility_control.h
[4.213s] -- Symlinking: /home/parallels/workspace/auto_nav_pioneer_ws/install/auto_nav_pioneer_interfaces/include/auto_nav_pioneer_interfaces/auto_nav_pioneer_interfaces/msg/waypoint.h
[4.218s] -- Symlinking: /home/parallels/workspace/auto_nav_pioneer_ws/install/auto_nav_pioneer_interfaces/include/auto_nav_pioneer_interfaces/auto_nav_pioneer_interfaces/msg/waypoint_list.h
[4.224s] -- Symlinking: /home/parallels/workspace/auto_nav_pioneer_ws/install/auto_nav_pioneer_interfaces/share/auto_nav_pioneer_interfaces/environment/library_path.sh
[4.229s] -- Symlinking: /home/parallels/workspace/auto_nav_pioneer_ws/install/auto_nav_pioneer_interfaces/share/auto_nav_pioneer_interfaces/environment/library_path.dsv
[4.235s] -- Symlinking: /home/parallels/workspace/auto_nav_pioneer_ws/install/auto_nav_pioneer_interfaces/include/auto_nav_pioneer_interfaces/auto_nav_pioneer_interfaces/msg/detail/waypoint__rosidl_typesupport_fastrtps_c.h
[4.240s] -- Symlinking: /home/parallels/workspace/auto_nav_pioneer_ws/install/auto_nav_pioneer_interfaces/include/auto_nav_pioneer_interfaces/auto_nav_pioneer_interfaces/msg/detail/waypoint_list__rosidl_typesupport_fastrtps_c.h
[4.244s] -- Symlinking: /home/parallels/workspace/auto_nav_pioneer_ws/install/auto_nav_pioneer_interfaces/include/auto_nav_pioneer_interfaces/auto_nav_pioneer_interfaces/msg/rosidl_typesupport_fastrtps_c__visibility_control.h
[4.250s] -- Symlinking: /home/parallels/workspace/auto_nav_pioneer_ws/install/auto_nav_pioneer_interfaces/include/auto_nav_pioneer_interfaces/auto_nav_pioneer_interfaces/msg/detail/waypoint__rosidl_typesupport_introspection_c.h
[4.256s] -- Symlinking: /home/parallels/workspace/auto_nav_pioneer_ws/install/auto_nav_pioneer_interfaces/include/auto_nav_pioneer_interfaces/auto_nav_pioneer_interfaces/msg/detail/waypoint_list__rosidl_typesupport_introspection_c.h
[4.261s] -- Symlinking: /home/parallels/workspace/auto_nav_pioneer_ws/install/auto_nav_pioneer_interfaces/include/auto_nav_pioneer_interfaces/auto_nav_pioneer_interfaces/msg/rosidl_typesupport_introspection_c__visibility_control.h
[4.266s] -- Symlinking: /home/parallels/workspace/auto_nav_pioneer_ws/install/auto_nav_pioneer_interfaces/include/auto_nav_pioneer_interfaces/auto_nav_pioneer_interfaces/msg/detail/waypoint__builder.hpp
[4.272s] -- Symlinking: /home/parallels/workspace/auto_nav_pioneer_ws/install/auto_nav_pioneer_interfaces/include/auto_nav_pioneer_interfaces/auto_nav_pioneer_interfaces/msg/detail/waypoint__struct.hpp
[4.278s] -- Symlinking: /home/parallels/workspace/auto_nav_pioneer_ws/install/auto_nav_pioneer_interfaces/include/auto_nav_pioneer_interfaces/auto_nav_pioneer_interfaces/msg/detail/waypoint__traits.hpp
[4.283s] -- Symlinking: /home/parallels/workspace/auto_nav_pioneer_ws/install/auto_nav_pioneer_interfaces/include/auto_nav_pioneer_interfaces/auto_nav_pioneer_interfaces/msg/detail/waypoint__type_support.hpp
[4.289s] -- Symlinking: /home/parallels/workspace/auto_nav_pioneer_ws/install/auto_nav_pioneer_interfaces/include/auto_nav_pioneer_interfaces/auto_nav_pioneer_interfaces/msg/detail/waypoint_list__builder.hpp
[4.294s] -- Symlinking: /home/parallels/workspace/auto_nav_pioneer_ws/install/auto_nav_pioneer_interfaces/include/auto_nav_pioneer_interfaces/auto_nav_pioneer_interfaces/msg/detail/waypoint_list__struct.hpp
[4.299s] -- Symlinking: /home/parallels/workspace/auto_nav_pioneer_ws/install/auto_nav_pioneer_interfaces/include/auto_nav_pioneer_interfaces/auto_nav_pioneer_interfaces/msg/detail/waypoint_list__traits.hpp
[4.304s] -- Symlinking: /home/parallels/workspace/auto_nav_pioneer_ws/install/auto_nav_pioneer_interfaces/include/auto_nav_pioneer_interfaces/auto_nav_pioneer_interfaces/msg/detail/waypoint_list__type_support.hpp
[4.309s] -- Symlinking: /home/parallels/workspace/auto_nav_pioneer_ws/install/auto_nav_pioneer_interfaces/include/auto_nav_pioneer_interfaces/auto_nav_pioneer_interfaces/msg/rosidl_generator_cpp__visibility_control.hpp
[4.314s] -- Symlinking: /home/parallels/workspace/auto_nav_pioneer_ws/install/auto_nav_pioneer_interfaces/include/auto_nav_pioneer_interfaces/auto_nav_pioneer_interfaces/msg/waypoint.hpp
[4.319s] -- Symlinking: /home/parallels/workspace/auto_nav_pioneer_ws/install/auto_nav_pioneer_interfaces/include/auto_nav_pioneer_interfaces/auto_nav_pioneer_interfaces/msg/waypoint_list.hpp
[4.324s] -- Symlinking: /home/parallels/workspace/auto_nav_pioneer_ws/install/auto_nav_pioneer_interfaces/include/auto_nav_pioneer_interfaces/auto_nav_pioneer_interfaces/msg/detail/waypoint__rosidl_typesupport_fastrtps_cpp.hpp
[4.329s] -- Symlinking: /home/parallels/workspace/auto_nav_pioneer_ws/install/auto_nav_pioneer_interfaces/include/auto_nav_pioneer_interfaces/auto_nav_pioneer_interfaces/msg/detail/waypoint_list__rosidl_typesupport_fastrtps_cpp.hpp
[4.334s] -- Symlinking: /home/parallels/workspace/auto_nav_pioneer_ws/install/auto_nav_pioneer_interfaces/include/auto_nav_pioneer_interfaces/auto_nav_pioneer_interfaces/msg/rosidl_typesupport_fastrtps_cpp__visibility_control.h
[4.339s] -- Symlinking: /home/parallels/workspace/auto_nav_pioneer_ws/install/auto_nav_pioneer_interfaces/include/auto_nav_pioneer_interfaces/auto_nav_pioneer_interfaces/msg/detail/waypoint__rosidl_typesupport_introspection_cpp.hpp
[4.344s] -- Symlinking: /home/parallels/workspace/auto_nav_pioneer_ws/install/auto_nav_pioneer_interfaces/include/auto_nav_pioneer_interfaces/auto_nav_pioneer_interfaces/msg/detail/waypoint_list__rosidl_typesupport_introspection_cpp.hpp
[4.349s] -- Symlinking: /home/parallels/workspace/auto_nav_pioneer_ws/install/auto_nav_pioneer_interfaces/share/auto_nav_pioneer_interfaces/environment/pythonpath.sh
[4.354s] -- Symlinking: /home/parallels/workspace/auto_nav_pioneer_ws/install/auto_nav_pioneer_interfaces/share/auto_nav_pioneer_interfaces/environment/pythonpath.dsv
[4.360s] -- Symlinking: /home/parallels/workspace/auto_nav_pioneer_ws/install/auto_nav_pioneer_interfaces/lib/python3.12/site-packages/auto_nav_pioneer_interfaces-0.0.0-py3.12.egg-info/PKG-INFO
[4.366s] -- Symlinking: /home/parallels/workspace/auto_nav_pioneer_ws/install/auto_nav_pioneer_interfaces/lib/python3.12/site-packages/auto_nav_pioneer_interfaces-0.0.0-py3.12.egg-info/SOURCES.txt
[4.371s] -- Symlinking: /home/parallels/workspace/auto_nav_pioneer_ws/install/auto_nav_pioneer_interfaces/lib/python3.12/site-packages/auto_nav_pioneer_interfaces-0.0.0-py3.12.egg-info/dependency_links.txt
[4.376s] -- Symlinking: /home/parallels/workspace/auto_nav_pioneer_ws/install/auto_nav_pioneer_interfaces/lib/python3.12/site-packages/auto_nav_pioneer_interfaces-0.0.0-py3.12.egg-info/top_level.txt
[4.382s] -- Symlinking: /home/parallels/workspace/auto_nav_pioneer_ws/install/auto_nav_pioneer_interfaces/lib/python3.12/site-packages/auto_nav_pioneer_interfaces/__init__.py
[4.388s] -- Symlinking: /home/parallels/workspace/auto_nav_pioneer_ws/install/auto_nav_pioneer_interfaces/lib/python3.12/site-packages/auto_nav_pioneer_interfaces/_auto_nav_pioneer_interfaces_s.ep.rosidl_typesupport_c.c
[4.393s] -- Symlinking: /home/parallels/workspace/auto_nav_pioneer_ws/install/auto_nav_pioneer_interfaces/lib/python3.12/site-packages/auto_nav_pioneer_interfaces/_auto_nav_pioneer_interfaces_s.ep.rosidl_typesupport_fastrtps_c.c
[4.398s] -- Symlinking: /home/parallels/workspace/auto_nav_pioneer_ws/install/auto_nav_pioneer_interfaces/lib/python3.12/site-packages/auto_nav_pioneer_interfaces/_auto_nav_pioneer_interfaces_s.ep.rosidl_typesupport_introspection_c.c
[4.403s] -- Symlinking: /home/parallels/workspace/auto_nav_pioneer_ws/install/auto_nav_pioneer_interfaces/lib/python3.12/site-packages/auto_nav_pioneer_interfaces/auto_nav_pioneer_interfaces_s__rosidl_typesupport_c.so
[4.409s] -- Symlinking: /home/parallels/workspace/auto_nav_pioneer_ws/install/auto_nav_pioneer_interfaces/lib/python3.12/site-packages/auto_nav_pioneer_interfaces/auto_nav_pioneer_interfaces_s__rosidl_typesupport_fastrtps_c.so
[4.414s] -- Symlinking: /home/parallels/workspace/auto_nav_pioneer_ws/install/auto_nav_pioneer_interfaces/lib/python3.12/site-packages/auto_nav_pioneer_interfaces/auto_nav_pioneer_interfaces_s__rosidl_typesupport_introspection_c.so
[4.419s] -- Symlinking: /home/parallels/workspace/auto_nav_pioneer_ws/install/auto_nav_pioneer_interfaces/lib/python3.12/site-packages/auto_nav_pioneer_interfaces/msg/__init__.py
[4.424s] -- Symlinking: /home/parallels/workspace/auto_nav_pioneer_ws/install/auto_nav_pioneer_interfaces/lib/python3.12/site-packages/auto_nav_pioneer_interfaces/msg/_waypoint.py
[4.429s] -- Symlinking: /home/parallels/workspace/auto_nav_pioneer_ws/install/auto_nav_pioneer_interfaces/lib/python3.12/site-packages/auto_nav_pioneer_interfaces/msg/_waypoint_list.py
[4.434s] -- Symlinking: /home/parallels/workspace/auto_nav_pioneer_ws/install/auto_nav_pioneer_interfaces/lib/python3.12/site-packages/auto_nav_pioneer_interfaces/msg/_waypoint_list_s.c
[4.439s] -- Symlinking: /home/parallels/workspace/auto_nav_pioneer_ws/install/auto_nav_pioneer_interfaces/lib/python3.12/site-packages/auto_nav_pioneer_interfaces/msg/_waypoint_s.c
[4.444s] -- Up-to-date symlink: /home/parallels/workspace/auto_nav_pioneer_ws/install/auto_nav_pioneer_interfaces/lib/python3.12/site-packages/auto_nav_pioneer_interfaces/auto_nav_pioneer_interfaces_s__rosidl_typesupport_fastrtps_c.so
[4.444s] -- Up-to-date symlink: /home/parallels/workspace/auto_nav_pioneer_ws/install/auto_nav_pioneer_interfaces/lib/python3.12/site-packages/auto_nav_pioneer_interfaces/auto_nav_pioneer_interfaces_s__rosidl_typesupport_introspection_c.so
[4.444s] -- Up-to-date symlink: /home/parallels/workspace/auto_nav_pioneer_ws/install/auto_nav_pioneer_interfaces/lib/python3.12/site-packages/auto_nav_pioneer_interfaces/auto_nav_pioneer_interfaces_s__rosidl_typesupport_c.so
[4.444s] -- Symlinking: /home/parallels/workspace/auto_nav_pioneer_ws/install/auto_nav_pioneer_interfaces/share/auto_nav_pioneer_interfaces/msg/Waypoint.idl
[4.450s] -- Symlinking: /home/parallels/workspace/auto_nav_pioneer_ws/install/auto_nav_pioneer_interfaces/share/auto_nav_pioneer_interfaces/msg/WaypointList.idl
[4.456s] -- Symlinking: /home/parallels/workspace/auto_nav_pioneer_ws/install/auto_nav_pioneer_interfaces/share/auto_nav_pioneer_interfaces/msg/Waypoint.msg
[4.461s] -- Symlinking: /home/parallels/workspace/auto_nav_pioneer_ws/install/auto_nav_pioneer_interfaces/share/auto_nav_pioneer_interfaces/msg/WaypointList.msg
[4.467s] -- Symlinking: /home/parallels/workspace/auto_nav_pioneer_ws/install/auto_nav_pioneer_interfaces/share/ament_index/resource_index/package_run_dependencies/auto_nav_pioneer_interfaces
[4.473s] -- Symlinking: /home/parallels/workspace/auto_nav_pioneer_ws/install/auto_nav_pioneer_interfaces/share/ament_index/resource_index/parent_prefix_path/auto_nav_pioneer_interfaces
[4.478s] -- Symlinking: /home/parallels/workspace/auto_nav_pioneer_ws/install/auto_nav_pioneer_interfaces/share/auto_nav_pioneer_interfaces/environment/ament_prefix_path.sh
[4.484s] -- Symlinking: /home/parallels/workspace/auto_nav_pioneer_ws/install/auto_nav_pioneer_interfaces/share/auto_nav_pioneer_interfaces/environment/ament_prefix_path.dsv
[4.489s] -- Symlinking: /home/parallels/workspace/auto_nav_pioneer_ws/install/auto_nav_pioneer_interfaces/share/auto_nav_pioneer_interfaces/environment/path.sh
[4.495s] -- Symlinking: /home/parallels/workspace/auto_nav_pioneer_ws/install/auto_nav_pioneer_interfaces/share/auto_nav_pioneer_interfaces/environment/path.dsv
[4.500s] -- Symlinking: /home/parallels/workspace/auto_nav_pioneer_ws/install/auto_nav_pioneer_interfaces/share/auto_nav_pioneer_interfaces/local_setup.bash
[4.505s] -- Symlinking: /home/parallels/workspace/auto_nav_pioneer_ws/install/auto_nav_pioneer_interfaces/share/auto_nav_pioneer_interfaces/local_setup.sh
[4.511s] -- Symlinking: /home/parallels/workspace/auto_nav_pioneer_ws/install/auto_nav_pioneer_interfaces/share/auto_nav_pioneer_interfaces/local_setup.zsh
[4.516s] -- Symlinking: /home/parallels/workspace/auto_nav_pioneer_ws/install/auto_nav_pioneer_interfaces/share/auto_nav_pioneer_interfaces/local_setup.dsv
[4.521s] -- Symlinking: /home/parallels/workspace/auto_nav_pioneer_ws/install/auto_nav_pioneer_interfaces/share/auto_nav_pioneer_interfaces/package.dsv
[4.526s] -- Symlinking: /home/parallels/workspace/auto_nav_pioneer_ws/install/auto_nav_pioneer_interfaces/share/ament_index/resource_index/packages/auto_nav_pioneer_interfaces
[4.531s] -- Symlinking: /home/parallels/workspace/auto_nav_pioneer_ws/install/auto_nav_pioneer_interfaces/share/auto_nav_pioneer_interfaces/cmake/rosidl_cmake-extras.cmake
[4.536s] -- Symlinking: /home/parallels/workspace/auto_nav_pioneer_ws/install/auto_nav_pioneer_interfaces/share/auto_nav_pioneer_interfaces/cmake/ament_cmake_export_dependencies-extras.cmake
[4.541s] -- Symlinking: /home/parallels/workspace/auto_nav_pioneer_ws/install/auto_nav_pioneer_interfaces/share/auto_nav_pioneer_interfaces/cmake/ament_cmake_export_include_directories-extras.cmake
[4.545s] -- Symlinking: /home/parallels/workspace/auto_nav_pioneer_ws/install/auto_nav_pioneer_interfaces/share/auto_nav_pioneer_interfaces/cmake/ament_cmake_export_libraries-extras.cmake
[4.550s] -- Symlinking: /home/parallels/workspace/auto_nav_pioneer_ws/install/auto_nav_pioneer_interfaces/share/auto_nav_pioneer_interfaces/cmake/ament_cmake_export_targets-extras.cmake
[4.556s] -- Symlinking: /home/parallels/workspace/auto_nav_pioneer_ws/install/auto_nav_pioneer_interfaces/share/auto_nav_pioneer_interfaces/cmake/rosidl_cmake_export_typesupport_targets-extras.cmake
[4.561s] -- Symlinking: /home/parallels/workspace/auto_nav_pioneer_ws/install/auto_nav_pioneer_interfaces/share/auto_nav_pioneer_interfaces/cmake/rosidl_cmake_export_typesupport_libraries-extras.cmake
[4.567s] -- Symlinking: /home/parallels/workspace/auto_nav_pioneer_ws/install/auto_nav_pioneer_interfaces/share/auto_nav_pioneer_interfaces/cmake/auto_nav_pioneer_interfacesConfig.cmake
[4.572s] -- Symlinking: /home/parallels/workspace/auto_nav_pioneer_ws/install/auto_nav_pioneer_interfaces/share/auto_nav_pioneer_interfaces/cmake/auto_nav_pioneer_interfacesConfig-version.cmake
[4.577s] -- Symlinking: /home/parallels/workspace/auto_nav_pioneer_ws/install/auto_nav_pioneer_interfaces/share/auto_nav_pioneer_interfaces/package.xml
[4.584s] -- Installing: /home/parallels/workspace/auto_nav_pioneer_ws/install/auto_nav_pioneer_interfaces/lib/libauto_nav_pioneer_interfaces__rosidl_generator_c.so
[4.584s] -- Set non-toolchain portion of runtime path of "/home/parallels/workspace/auto_nav_pioneer_ws/install/auto_nav_pioneer_interfaces/lib/libauto_nav_pioneer_interfaces__rosidl_generator_c.so" to ""
[4.584s] -- Installing: /home/parallels/workspace/auto_nav_pioneer_ws/install/auto_nav_pioneer_interfaces/lib/libauto_nav_pioneer_interfaces__rosidl_typesupport_fastrtps_c.so
[4.585s] -- Set non-toolchain portion of runtime path of "/home/parallels/workspace/auto_nav_pioneer_ws/install/auto_nav_pioneer_interfaces/lib/libauto_nav_pioneer_interfaces__rosidl_typesupport_fastrtps_c.so" to ""
[4.585s] -- Installing: /home/parallels/workspace/auto_nav_pioneer_ws/install/auto_nav_pioneer_interfaces/lib/libauto_nav_pioneer_interfaces__rosidl_typesupport_introspection_c.so
[4.585s] -- Set non-toolchain portion of runtime path of "/home/parallels/workspace/auto_nav_pioneer_ws/install/auto_nav_pioneer_interfaces/lib/libauto_nav_pioneer_interfaces__rosidl_typesupport_introspection_c.so" to ""
[4.585s] -- Installing: /home/parallels/workspace/auto_nav_pioneer_ws/install/auto_nav_pioneer_interfaces/lib/libauto_nav_pioneer_interfaces__rosidl_typesupport_c.so
[4.585s] -- Set non-toolchain portion of runtime path of "/home/parallels/workspace/auto_nav_pioneer_ws/install/auto_nav_pioneer_interfaces/lib/libauto_nav_pioneer_interfaces__rosidl_typesupport_c.so" to ""
[4.585s] -- Installing: /home/parallels/workspace/auto_nav_pioneer_ws/install/auto_nav_pioneer_interfaces/lib/libauto_nav_pioneer_interfaces__rosidl_typesupport_fastrtps_cpp.so
[4.586s] -- Set non-toolchain portion of runtime path of "/home/parallels/workspace/auto_nav_pioneer_ws/install/auto_nav_pioneer_interfaces/lib/libauto_nav_pioneer_interfaces__rosidl_typesupport_fastrtps_cpp.so" to ""
[4.586s] -- Installing: /home/parallels/workspace/auto_nav_pioneer_ws/install/auto_nav_pioneer_interfaces/lib/libauto_nav_pioneer_interfaces__rosidl_typesupport_introspection_cpp.so
[4.586s] -- Set non-toolchain portion of runtime path of "/home/parallels/workspace/auto_nav_pioneer_ws/install/auto_nav_pioneer_interfaces/lib/libauto_nav_pioneer_interfaces__rosidl_typesupport_introspection_cpp.so" to ""
[4.586s] -- Installing: /home/parallels/workspace/auto_nav_pioneer_ws/install/auto_nav_pioneer_interfaces/lib/libauto_nav_pioneer_interfaces__rosidl_typesupport_cpp.so
[4.586s] -- Set non-toolchain portion of runtime path of "/home/parallels/workspace/auto_nav_pioneer_ws/install/auto_nav_pioneer_interfaces/lib/libauto_nav_pioneer_interfaces__rosidl_typesupport_cpp.so" to ""
[4.610s] Listing '/home/parallels/workspace/auto_nav_pioneer_ws/install/auto_nav_pioneer_interfaces/lib/python3.12/site-packages/auto_nav_pioneer_interfaces'...
[4.610s] Compiling '/home/parallels/workspace/auto_nav_pioneer_ws/install/auto_nav_pioneer_interfaces/lib/python3.12/site-packages/auto_nav_pioneer_interfaces/__init__.py'...
[4.610s] Listing '/home/parallels/workspace/auto_nav_pioneer_ws/install/auto_nav_pioneer_interfaces/lib/python3.12/site-packages/auto_nav_pioneer_interfaces/msg'...
[4.610s] Compiling '/home/parallels/workspace/auto_nav_pioneer_ws/install/auto_nav_pioneer_interfaces/lib/python3.12/site-packages/auto_nav_pioneer_interfaces/msg/__init__.py'...
[4.610s] Compiling '/home/parallels/workspace/auto_nav_pioneer_ws/install/auto_nav_pioneer_interfaces/lib/python3.12/site-packages/auto_nav_pioneer_interfaces/msg/_waypoint.py'...
[4.610s] Compiling '/home/parallels/workspace/auto_nav_pioneer_ws/install/auto_nav_pioneer_interfaces/lib/python3.12/site-packages/auto_nav_pioneer_interfaces/msg/_waypoint_list.py'...
[4.614s] -- Installing: /home/parallels/workspace/auto_nav_pioneer_ws/install/auto_nav_pioneer_interfaces/lib/libauto_nav_pioneer_interfaces__rosidl_generator_py.so
[4.614s] -- Set non-toolchain portion of runtime path of "/home/parallels/workspace/auto_nav_pioneer_ws/install/auto_nav_pioneer_interfaces/lib/libauto_nav_pioneer_interfaces__rosidl_generator_py.so" to ""
[4.614s] -- Installing: /home/parallels/workspace/auto_nav_pioneer_ws/install/auto_nav_pioneer_interfaces/share/auto_nav_pioneer_interfaces/cmake/export_auto_nav_pioneer_interfaces__rosidl_generator_cExport.cmake
[4.614s] -- Installing: /home/parallels/workspace/auto_nav_pioneer_ws/install/auto_nav_pioneer_interfaces/share/auto_nav_pioneer_interfaces/cmake/export_auto_nav_pioneer_interfaces__rosidl_generator_cExport-noconfig.cmake
[4.614s] -- Installing: /home/parallels/workspace/auto_nav_pioneer_ws/install/auto_nav_pioneer_interfaces/share/auto_nav_pioneer_interfaces/cmake/export_auto_nav_pioneer_interfaces__rosidl_typesupport_fastrtps_cExport.cmake
[4.614s] -- Installing: /home/parallels/workspace/auto_nav_pioneer_ws/install/auto_nav_pioneer_interfaces/share/auto_nav_pioneer_interfaces/cmake/export_auto_nav_pioneer_interfaces__rosidl_typesupport_fastrtps_cExport-noconfig.cmake
[4.614s] -- Installing: /home/parallels/workspace/auto_nav_pioneer_ws/install/auto_nav_pioneer_interfaces/share/auto_nav_pioneer_interfaces/cmake/auto_nav_pioneer_interfaces__rosidl_typesupport_introspection_cExport.cmake
[4.614s] -- Installing: /home/parallels/workspace/auto_nav_pioneer_ws/install/auto_nav_pioneer_interfaces/share/auto_nav_pioneer_interfaces/cmake/auto_nav_pioneer_interfaces__rosidl_typesupport_introspection_cExport-noconfig.cmake
[4.614s] -- Installing: /home/parallels/workspace/auto_nav_pioneer_ws/install/auto_nav_pioneer_interfaces/share/auto_nav_pioneer_interfaces/cmake/auto_nav_pioneer_interfaces__rosidl_typesupport_cExport.cmake
[4.615s] -- Installing: /home/parallels/workspace/auto_nav_pioneer_ws/install/auto_nav_pioneer_interfaces/share/auto_nav_pioneer_interfaces/cmake/auto_nav_pioneer_interfaces__rosidl_typesupport_cExport-noconfig.cmake
[4.615s] -- Installing: /home/parallels/workspace/auto_nav_pioneer_ws/install/auto_nav_pioneer_interfaces/share/auto_nav_pioneer_interfaces/cmake/export_auto_nav_pioneer_interfaces__rosidl_generator_cppExport.cmake
[4.615s] -- Installing: /home/parallels/workspace/auto_nav_pioneer_ws/install/auto_nav_pioneer_interfaces/share/auto_nav_pioneer_interfaces/cmake/export_auto_nav_pioneer_interfaces__rosidl_typesupport_fastrtps_cppExport.cmake
[4.615s] -- Installing: /home/parallels/workspace/auto_nav_pioneer_ws/install/auto_nav_pioneer_interfaces/share/auto_nav_pioneer_interfaces/cmake/export_auto_nav_pioneer_interfaces__rosidl_typesupport_fastrtps_cppExport-noconfig.cmake
[4.615s] -- Installing: /home/parallels/workspace/auto_nav_pioneer_ws/install/auto_nav_pioneer_interfaces/share/auto_nav_pioneer_interfaces/cmake/auto_nav_pioneer_interfaces__rosidl_typesupport_introspection_cppExport.cmake
[4.615s] -- Installing: /home/parallels/workspace/auto_nav_pioneer_ws/install/auto_nav_pioneer_interfaces/share/auto_nav_pioneer_interfaces/cmake/auto_nav_pioneer_interfaces__rosidl_typesupport_introspection_cppExport-noconfig.cmake
[4.615s] -- Installing: /home/parallels/workspace/auto_nav_pioneer_ws/install/auto_nav_pioneer_interfaces/share/auto_nav_pioneer_interfaces/cmake/auto_nav_pioneer_interfaces__rosidl_typesupport_cppExport.cmake
[4.615s] -- Installing: /home/parallels/workspace/auto_nav_pioneer_ws/install/auto_nav_pioneer_interfaces/share/auto_nav_pioneer_interfaces/cmake/auto_nav_pioneer_interfaces__rosidl_typesupport_cppExport-noconfig.cmake
[4.615s] -- Installing: /home/parallels/workspace/auto_nav_pioneer_ws/install/auto_nav_pioneer_interfaces/share/auto_nav_pioneer_interfaces/cmake/export_auto_nav_pioneer_interfaces__rosidl_generator_pyExport.cmake
[4.615s] -- Installing: /home/parallels/workspace/auto_nav_pioneer_ws/install/auto_nav_pioneer_interfaces/share/auto_nav_pioneer_interfaces/cmake/export_auto_nav_pioneer_interfaces__rosidl_generator_pyExport-noconfig.cmake
[4.617s] Invoked command in '/home/parallels/workspace/auto_nav_pioneer_ws/build/auto_nav_pioneer_interfaces' returned '0': CMAKE_PREFIX_PATH=${CMAKE_PREFIX_PATH}:/home/parallels/auto4508/dev_pioneer_part_2/install/pioneer_part2:/opt/ros/jazzy DEBUGINFOD_URLS=https://debuginfod.ubuntu.com /usr/bin/cmake --install /home/parallels/workspace/auto_nav_pioneer_ws/build/auto_nav_pioneer_interfaces
