[0.064s] DEBUG:colcon:Command line arguments: ['/usr/bin/colcon', 'build', '--symlink-install', '--packages-select', 'auto_nav_pioneer_interfaces']
[0.064s] DEBUG:colcon:Parsed command line arguments: Namespace(log_base=None, log_level=None, verb_name='build', build_base='build', install_base='install', merge_install=False, symlink_install=True, test_result_base=None, continue_on_error=False, executor='parallel', parallel_workers=8, event_handlers=None, ignore_user_meta=False, metas=['./colcon.meta'], base_paths=['.'], packages_ignore=None, packages_ignore_regex=None, paths=None, packages_up_to=None, packages_up_to_regex=None, packages_above=None, packages_above_and_dependencies=None, packages_above_depth=None, packages_select_by_dep=None, packages_skip_by_dep=None, packages_skip_up_to=None, packages_select_build_failed=False, packages_skip_build_finished=False, packages_select_test_failures=False, packages_skip_test_passed=False, packages_select=['auto_nav_pioneer_interfaces'], packages_skip=None, packages_select_regex=None, packages_skip_regex=None, packages_start=None, packages_end=None, allow_overriding=[], cmake_args=None, cmake_target=None, cmake_target_skip_unavailable=False, cmake_clean_cache=False, cmake_clean_first=False, cmake_force_configure=False, ament_cmake_args=None, catkin_cmake_args=None, catkin_skip_building_tests=False, mixin_files=None, mixin=None, verb_parser=<colcon_mixin.mixin.mixin_argument.MixinArgumentDecorator object at 0xfd7063ab1fd0>, verb_extension=<colcon_core.verb.build.BuildVerb object at 0xfd7063ab1cd0>, main=<bound method BuildVerb.main of <colcon_core.verb.build.BuildVerb object at 0xfd7063ab1cd0>>, mixin_verb=('build',))
[0.089s] Level 1:colcon.colcon_core.package_discovery:discover_packages(colcon_meta) check parameters
[0.090s] Level 1:colcon.colcon_core.package_discovery:discover_packages(recursive) check parameters
[0.090s] Level 1:colcon.colcon_core.package_discovery:discover_packages(ignore) check parameters
[0.090s] Level 1:colcon.colcon_core.package_discovery:discover_packages(path) check parameters
[0.090s] Level 1:colcon.colcon_core.package_discovery:discover_packages(colcon_meta) discover
[0.090s] Level 1:colcon.colcon_core.package_discovery:discover_packages(recursive) discover
[0.090s] INFO:colcon.colcon_core.package_discovery:Crawling recursively for packages in '/home/parallels/workspace/auto_nav_pioneer_ws'
[0.090s] Level 1:colcon.colcon_core.package_identification:_identify(.) by extensions ['ignore', 'ignore_ament_install']
[0.090s] Level 1:colcon.colcon_core.package_identification:_identify(.) by extension 'ignore'
[0.090s] Level 1:colcon.colcon_core.package_identification:_identify(.) by extension 'ignore_ament_install'
[0.090s] Level 1:colcon.colcon_core.package_identification:_identify(.) by extensions ['colcon_pkg']
[0.090s] Level 1:colcon.colcon_core.package_identification:_identify(.) by extension 'colcon_pkg'
[0.090s] Level 1:colcon.colcon_core.package_identification:_identify(.) by extensions ['colcon_meta']
[0.090s] Level 1:colcon.colcon_core.package_identification:_identify(.) by extension 'colcon_meta'
[0.090s] Level 1:colcon.colcon_core.package_identification:_identify(.) by extensions ['ros']
[0.090s] Level 1:colcon.colcon_core.package_identification:_identify(.) by extension 'ros'
[0.105s] Level 1:colcon.colcon_core.package_identification:_identify(.) by extensions ['cmake', 'python']
[0.105s] Level 1:colcon.colcon_core.package_identification:_identify(.) by extension 'cmake'
[0.105s] Level 1:colcon.colcon_core.package_identification:_identify(.) by extension 'python'
[0.105s] Level 1:colcon.colcon_core.package_identification:_identify(.) by extensions ['python_setup_py']
[0.105s] Level 1:colcon.colcon_core.package_identification:_identify(.) by extension 'python_setup_py'
[0.105s] Level 1:colcon.colcon_core.package_identification:_identify(build) by extensions ['ignore', 'ignore_ament_install']
[0.105s] Level 1:colcon.colcon_core.package_identification:_identify(build) by extension 'ignore'
[0.105s] Level 1:colcon.colcon_core.package_identification:_identify(build) ignored
[0.105s] Level 1:colcon.colcon_core.package_identification:_identify(doc) by extensions ['ignore', 'ignore_ament_install']
[0.105s] Level 1:colcon.colcon_core.package_identification:_identify(doc) by extension 'ignore'
[0.105s] Level 1:colcon.colcon_core.package_identification:_identify(doc) by extension 'ignore_ament_install'
[0.105s] Level 1:colcon.colcon_core.package_identification:_identify(doc) by extensions ['colcon_pkg']
[0.105s] Level 1:colcon.colcon_core.package_identification:_identify(doc) by extension 'colcon_pkg'
[0.105s] Level 1:colcon.colcon_core.package_identification:_identify(doc) by extensions ['colcon_meta']
[0.105s] Level 1:colcon.colcon_core.package_identification:_identify(doc) by extension 'colcon_meta'
[0.105s] Level 1:colcon.colcon_core.package_identification:_identify(doc) by extensions ['ros']
[0.105s] Level 1:colcon.colcon_core.package_identification:_identify(doc) by extension 'ros'
[0.105s] Level 1:colcon.colcon_core.package_identification:_identify(doc) by extensions ['cmake', 'python']
[0.105s] Level 1:colcon.colcon_core.package_identification:_identify(doc) by extension 'cmake'
[0.105s] Level 1:colcon.colcon_core.package_identification:_identify(doc) by extension 'python'
[0.105s] Level 1:colcon.colcon_core.package_identification:_identify(doc) by extensions ['python_setup_py']
[0.105s] Level 1:colcon.colcon_core.package_identification:_identify(doc) by extension 'python_setup_py'
[0.105s] Level 1:colcon.colcon_core.package_identification:_identify(install) by extensions ['ignore', 'ignore_ament_install']
[0.105s] Level 1:colcon.colcon_core.package_identification:_identify(install) by extension 'ignore'
[0.105s] Level 1:colcon.colcon_core.package_identification:_identify(install) ignored
[0.105s] Level 1:colcon.colcon_core.package_identification:_identify(log) by extensions ['ignore', 'ignore_ament_install']
[0.105s] Level 1:colcon.colcon_core.package_identification:_identify(log) by extension 'ignore'
[0.105s] Level 1:colcon.colcon_core.package_identification:_identify(log) ignored
[0.105s] Level 1:colcon.colcon_core.package_identification:_identify(src) by extensions ['ignore', 'ignore_ament_install']
[0.105s] Level 1:colcon.colcon_core.package_identification:_identify(src) by extension 'ignore'
[0.105s] Level 1:colcon.colcon_core.package_identification:_identify(src) by extension 'ignore_ament_install'
[0.105s] Level 1:colcon.colcon_core.package_identification:_identify(src) by extensions ['colcon_pkg']
[0.105s] Level 1:colcon.colcon_core.package_identification:_identify(src) by extension 'colcon_pkg'
[0.106s] Level 1:colcon.colcon_core.package_identification:_identify(src) by extensions ['colcon_meta']
[0.106s] Level 1:colcon.colcon_core.package_identification:_identify(src) by extension 'colcon_meta'
[0.106s] Level 1:colcon.colcon_core.package_identification:_identify(src) by extensions ['ros']
[0.106s] Level 1:colcon.colcon_core.package_identification:_identify(src) by extension 'ros'
[0.106s] Level 1:colcon.colcon_core.package_identification:_identify(src) by extensions ['cmake', 'python']
[0.106s] Level 1:colcon.colcon_core.package_identification:_identify(src) by extension 'cmake'
[0.106s] Level 1:colcon.colcon_core.package_identification:_identify(src) by extension 'python'
[0.106s] Level 1:colcon.colcon_core.package_identification:_identify(src) by extensions ['python_setup_py']
[0.106s] Level 1:colcon.colcon_core.package_identification:_identify(src) by extension 'python_setup_py'
[0.106s] Level 1:colcon.colcon_core.package_identification:_identify(src/auto_nav_pioneer_interfaces) by extensions ['ignore', 'ignore_ament_install']
[0.106s] Level 1:colcon.colcon_core.package_identification:_identify(src/auto_nav_pioneer_interfaces) by extension 'ignore'
[0.106s] Level 1:colcon.colcon_core.package_identification:_identify(src/auto_nav_pioneer_interfaces) by extension 'ignore_ament_install'
[0.106s] Level 1:colcon.colcon_core.package_identification:_identify(src/auto_nav_pioneer_interfaces) by extensions ['colcon_pkg']
[0.106s] Level 1:colcon.colcon_core.package_identification:_identify(src/auto_nav_pioneer_interfaces) by extension 'colcon_pkg'
[0.106s] Level 1:colcon.colcon_core.package_identification:_identify(src/auto_nav_pioneer_interfaces) by extensions ['colcon_meta']
[0.106s] Level 1:colcon.colcon_core.package_identification:_identify(src/auto_nav_pioneer_interfaces) by extension 'colcon_meta'
[0.106s] Level 1:colcon.colcon_core.package_identification:_identify(src/auto_nav_pioneer_interfaces) by extensions ['ros']
[0.106s] Level 1:colcon.colcon_core.package_identification:_identify(src/auto_nav_pioneer_interfaces) by extension 'ros'
[0.107s] DEBUG:colcon.colcon_core.package_identification:Package 'src/auto_nav_pioneer_interfaces' with type 'ros.ament_cmake' and name 'auto_nav_pioneer_interfaces'
[0.107s] Level 1:colcon.colcon_core.package_identification:_identify(src/auto_nav_pioneer_pkg) by extensions ['ignore', 'ignore_ament_install']
[0.107s] Level 1:colcon.colcon_core.package_identification:_identify(src/auto_nav_pioneer_pkg) by extension 'ignore'
[0.107s] Level 1:colcon.colcon_core.package_identification:_identify(src/auto_nav_pioneer_pkg) by extension 'ignore_ament_install'
[0.107s] Level 1:colcon.colcon_core.package_identification:_identify(src/auto_nav_pioneer_pkg) by extensions ['colcon_pkg']
[0.107s] Level 1:colcon.colcon_core.package_identification:_identify(src/auto_nav_pioneer_pkg) by extension 'colcon_pkg'
[0.107s] Level 1:colcon.colcon_core.package_identification:_identify(src/auto_nav_pioneer_pkg) by extensions ['colcon_meta']
[0.107s] Level 1:colcon.colcon_core.package_identification:_identify(src/auto_nav_pioneer_pkg) by extension 'colcon_meta'
[0.107s] Level 1:colcon.colcon_core.package_identification:_identify(src/auto_nav_pioneer_pkg) by extensions ['ros']
[0.107s] Level 1:colcon.colcon_core.package_identification:_identify(src/auto_nav_pioneer_pkg) by extension 'ros'
[0.108s] DEBUG:colcon.colcon_core.package_identification:Package 'src/auto_nav_pioneer_pkg' with type 'ros.ament_python' and name 'auto_nav_pioneer_pkg'
[0.108s] Level 1:colcon.colcon_core.package_discovery:discover_packages(recursive) using defaults
[0.108s] Level 1:colcon.colcon_core.package_discovery:discover_packages(ignore) discover
[0.108s] Level 1:colcon.colcon_core.package_discovery:discover_packages(ignore) using defaults
[0.108s] Level 1:colcon.colcon_core.package_discovery:discover_packages(path) discover
[0.108s] Level 1:colcon.colcon_core.package_discovery:discover_packages(path) using defaults
[0.118s] INFO:colcon.colcon_core.package_selection:Skipping not selected package 'auto_nav_pioneer_pkg' in 'src/auto_nav_pioneer_pkg'
[0.119s] Level 1:colcon.colcon_core.package_discovery:discover_packages(prefix_path) check parameters
[0.119s] Level 1:colcon.colcon_core.package_discovery:discover_packages(prefix_path) discover
[0.119s] DEBUG:colcon.colcon_installed_package_information.package_discovery:Found 1 installed packages in /home/parallels/auto4508/dev_pioneer_part_2/install
[0.121s] DEBUG:colcon.colcon_installed_package_information.package_discovery:Found 391 installed packages in /opt/ros/jazzy
[0.122s] Level 1:colcon.colcon_core.package_discovery:discover_packages(prefix_path) using defaults
[0.156s] Level 5:colcon.colcon_core.verb:set package 'auto_nav_pioneer_interfaces' build argument 'cmake_args' from command line to 'None'
[0.156s] Level 5:colcon.colcon_core.verb:set package 'auto_nav_pioneer_interfaces' build argument 'cmake_target' from command line to 'None'
[0.156s] Level 5:colcon.colcon_core.verb:set package 'auto_nav_pioneer_interfaces' build argument 'cmake_target_skip_unavailable' from command line to 'False'
[0.156s] Level 5:colcon.colcon_core.verb:set package 'auto_nav_pioneer_interfaces' build argument 'cmake_clean_cache' from command line to 'False'
[0.156s] Level 5:colcon.colcon_core.verb:set package 'auto_nav_pioneer_interfaces' build argument 'cmake_clean_first' from command line to 'False'
[0.156s] Level 5:colcon.colcon_core.verb:set package 'auto_nav_pioneer_interfaces' build argument 'cmake_force_configure' from command line to 'False'
[0.156s] Level 5:colcon.colcon_core.verb:set package 'auto_nav_pioneer_interfaces' build argument 'ament_cmake_args' from command line to 'None'
[0.156s] Level 5:colcon.colcon_core.verb:set package 'auto_nav_pioneer_interfaces' build argument 'catkin_cmake_args' from command line to 'None'
[0.156s] Level 5:colcon.colcon_core.verb:set package 'auto_nav_pioneer_interfaces' build argument 'catkin_skip_building_tests' from command line to 'False'
[0.156s] DEBUG:colcon.colcon_core.verb:Building package 'auto_nav_pioneer_interfaces' with the following arguments: {'ament_cmake_args': None, 'build_base': '/home/parallels/workspace/auto_nav_pioneer_ws/build/auto_nav_pioneer_interfaces', 'catkin_cmake_args': None, 'catkin_skip_building_tests': False, 'cmake_args': None, 'cmake_clean_cache': False, 'cmake_clean_first': False, 'cmake_force_configure': False, 'cmake_target': None, 'cmake_target_skip_unavailable': False, 'install_base': '/home/parallels/workspace/auto_nav_pioneer_ws/install/auto_nav_pioneer_interfaces', 'merge_install': False, 'path': '/home/parallels/workspace/auto_nav_pioneer_ws/src/auto_nav_pioneer_interfaces', 'symlink_install': True, 'test_result_base': None}
[0.156s] INFO:colcon.colcon_core.executor:Executing jobs using 'parallel' executor
[0.157s] DEBUG:colcon.colcon_parallel_executor.executor.parallel:run_until_complete
[0.157s] INFO:colcon.colcon_ros.task.ament_cmake.build:Building ROS package in '/home/parallels/workspace/auto_nav_pioneer_ws/src/auto_nav_pioneer_interfaces' with build type 'ament_cmake'
[0.157s] INFO:colcon.colcon_cmake.task.cmake.build:Building CMake package in '/home/parallels/workspace/auto_nav_pioneer_ws/src/auto_nav_pioneer_interfaces'
[0.158s] INFO:colcon.colcon_core.plugin_system:Skipping extension 'colcon_core.shell.bat': Not used on non-Windows systems
[0.158s] INFO:colcon.colcon_core.shell:Skip shell extension 'powershell' for command environment: Not usable outside of PowerShell
[0.158s] DEBUG:colcon.colcon_core.shell:Skip shell extension 'dsv' for command environment
[0.164s] DEBUG:colcon.colcon_core.event_handler.log_command:Invoking command in '/home/parallels/workspace/auto_nav_pioneer_ws/build/auto_nav_pioneer_interfaces': CMAKE_PREFIX_PATH=${CMAKE_PREFIX_PATH}:/home/parallels/auto4508/dev_pioneer_part_2/install/pioneer_part2:/opt/ros/jazzy DEBUGINFOD_URLS=https://debuginfod.ubuntu.com /usr/bin/cmake /home/parallels/workspace/auto_nav_pioneer_ws/src/auto_nav_pioneer_interfaces -DAMENT_CMAKE_SYMLINK_INSTALL=1 -DCMAKE_INSTALL_PREFIX=/home/parallels/workspace/auto_nav_pioneer_ws/install/auto_nav_pioneer_interfaces
[2.583s] DEBUG:colcon.colcon_core.event_handler.log_command:Invoked command in '/home/parallels/workspace/auto_nav_pioneer_ws/build/auto_nav_pioneer_interfaces' returned '0': CMAKE_PREFIX_PATH=${CMAKE_PREFIX_PATH}:/home/parallels/auto4508/dev_pioneer_part_2/install/pioneer_part2:/opt/ros/jazzy DEBUGINFOD_URLS=https://debuginfod.ubuntu.com /usr/bin/cmake /home/parallels/workspace/auto_nav_pioneer_ws/src/auto_nav_pioneer_interfaces -DAMENT_CMAKE_SYMLINK_INSTALL=1 -DCMAKE_INSTALL_PREFIX=/home/parallels/workspace/auto_nav_pioneer_ws/install/auto_nav_pioneer_interfaces
[2.584s] DEBUG:colcon.colcon_core.event_handler.log_command:Invoking command in '/home/parallels/workspace/auto_nav_pioneer_ws/build/auto_nav_pioneer_interfaces': CMAKE_PREFIX_PATH=${CMAKE_PREFIX_PATH}:/home/parallels/auto4508/dev_pioneer_part_2/install/pioneer_part2:/opt/ros/jazzy DEBUGINFOD_URLS=https://debuginfod.ubuntu.com /usr/bin/cmake --build /home/parallels/workspace/auto_nav_pioneer_ws/build/auto_nav_pioneer_interfaces -- -j8 -l8
[4.304s] DEBUG:colcon.colcon_core.event_handler.log_command:Invoked command in '/home/parallels/workspace/auto_nav_pioneer_ws/build/auto_nav_pioneer_interfaces' returned '0': CMAKE_PREFIX_PATH=${CMAKE_PREFIX_PATH}:/home/parallels/auto4508/dev_pioneer_part_2/install/pioneer_part2:/opt/ros/jazzy DEBUGINFOD_URLS=https://debuginfod.ubuntu.com /usr/bin/cmake --build /home/parallels/workspace/auto_nav_pioneer_ws/build/auto_nav_pioneer_interfaces -- -j8 -l8
[4.310s] DEBUG:colcon.colcon_core.event_handler.log_command:Invoking command in '/home/parallels/workspace/auto_nav_pioneer_ws/build/auto_nav_pioneer_interfaces': CMAKE_PREFIX_PATH=${CMAKE_PREFIX_PATH}:/home/parallels/auto4508/dev_pioneer_part_2/install/pioneer_part2:/opt/ros/jazzy DEBUGINFOD_URLS=https://debuginfod.ubuntu.com /usr/bin/cmake --install /home/parallels/workspace/auto_nav_pioneer_ws/build/auto_nav_pioneer_interfaces
[4.774s] Level 1:colcon.colcon_core.environment:create_environment_scripts_only(auto_nav_pioneer_interfaces)
[4.774s] DEBUG:colcon.colcon_core.event_handler.log_command:Invoked command in '/home/parallels/workspace/auto_nav_pioneer_ws/build/auto_nav_pioneer_interfaces' returned '0': CMAKE_PREFIX_PATH=${CMAKE_PREFIX_PATH}:/home/parallels/auto4508/dev_pioneer_part_2/install/pioneer_part2:/opt/ros/jazzy DEBUGINFOD_URLS=https://debuginfod.ubuntu.com /usr/bin/cmake --install /home/parallels/workspace/auto_nav_pioneer_ws/build/auto_nav_pioneer_interfaces
[4.775s] Level 1:colcon.colcon_core.environment:checking '/home/parallels/workspace/auto_nav_pioneer_ws/install/auto_nav_pioneer_interfaces' for CMake module files
[4.776s] Level 1:colcon.colcon_core.environment:checking '/home/parallels/workspace/auto_nav_pioneer_ws/install/auto_nav_pioneer_interfaces' for CMake config files
[4.776s] Level 1:colcon.colcon_core.shell:create_environment_hook('auto_nav_pioneer_interfaces', 'cmake_prefix_path')
[4.776s] INFO:colcon.colcon_core.shell:Creating environment hook '/home/parallels/workspace/auto_nav_pioneer_ws/install/auto_nav_pioneer_interfaces/share/auto_nav_pioneer_interfaces/hook/cmake_prefix_path.ps1'
[4.776s] INFO:colcon.colcon_core.shell:Creating environment descriptor '/home/parallels/workspace/auto_nav_pioneer_ws/install/auto_nav_pioneer_interfaces/share/auto_nav_pioneer_interfaces/hook/cmake_prefix_path.dsv'
[4.777s] INFO:colcon.colcon_core.shell:Creating environment hook '/home/parallels/workspace/auto_nav_pioneer_ws/install/auto_nav_pioneer_interfaces/share/auto_nav_pioneer_interfaces/hook/cmake_prefix_path.sh'
[4.777s] Level 1:colcon.colcon_core.environment:checking '/home/parallels/workspace/auto_nav_pioneer_ws/install/auto_nav_pioneer_interfaces/lib'
[4.777s] Level 1:colcon.colcon_core.shell:create_environment_hook('auto_nav_pioneer_interfaces', 'ld_library_path_lib')
[4.777s] INFO:colcon.colcon_core.shell:Creating environment hook '/home/parallels/workspace/auto_nav_pioneer_ws/install/auto_nav_pioneer_interfaces/share/auto_nav_pioneer_interfaces/hook/ld_library_path_lib.ps1'
[4.777s] INFO:colcon.colcon_core.shell:Creating environment descriptor '/home/parallels/workspace/auto_nav_pioneer_ws/install/auto_nav_pioneer_interfaces/share/auto_nav_pioneer_interfaces/hook/ld_library_path_lib.dsv'
[4.777s] INFO:colcon.colcon_core.shell:Creating environment hook '/home/parallels/workspace/auto_nav_pioneer_ws/install/auto_nav_pioneer_interfaces/share/auto_nav_pioneer_interfaces/hook/ld_library_path_lib.sh'
[4.777s] Level 1:colcon.colcon_core.environment:checking '/home/parallels/workspace/auto_nav_pioneer_ws/install/auto_nav_pioneer_interfaces/bin'
[4.778s] Level 1:colcon.colcon_core.environment:checking '/home/parallels/workspace/auto_nav_pioneer_ws/install/auto_nav_pioneer_interfaces/lib/pkgconfig/auto_nav_pioneer_interfaces.pc'
[4.778s] Level 1:colcon.colcon_core.environment:checking '/home/parallels/workspace/auto_nav_pioneer_ws/install/auto_nav_pioneer_interfaces/lib/python3.12/site-packages'
[4.778s] Level 1:colcon.colcon_core.shell:create_environment_hook('auto_nav_pioneer_interfaces', 'pythonpath')
[4.778s] INFO:colcon.colcon_core.shell:Creating environment hook '/home/parallels/workspace/auto_nav_pioneer_ws/install/auto_nav_pioneer_interfaces/share/auto_nav_pioneer_interfaces/hook/pythonpath.ps1'
[4.778s] INFO:colcon.colcon_core.shell:Creating environment descriptor '/home/parallels/workspace/auto_nav_pioneer_ws/install/auto_nav_pioneer_interfaces/share/auto_nav_pioneer_interfaces/hook/pythonpath.dsv'
[4.778s] INFO:colcon.colcon_core.shell:Creating environment hook '/home/parallels/workspace/auto_nav_pioneer_ws/install/auto_nav_pioneer_interfaces/share/auto_nav_pioneer_interfaces/hook/pythonpath.sh'
[4.778s] Level 1:colcon.colcon_core.environment:checking '/home/parallels/workspace/auto_nav_pioneer_ws/install/auto_nav_pioneer_interfaces/bin'
[4.778s] INFO:colcon.colcon_core.shell:Creating package script '/home/parallels/workspace/auto_nav_pioneer_ws/install/auto_nav_pioneer_interfaces/share/auto_nav_pioneer_interfaces/package.ps1'
[4.779s] INFO:colcon.colcon_core.shell:Creating package descriptor '/home/parallels/workspace/auto_nav_pioneer_ws/install/auto_nav_pioneer_interfaces/share/auto_nav_pioneer_interfaces/package.dsv'
[4.779s] INFO:colcon.colcon_core.shell:Creating package script '/home/parallels/workspace/auto_nav_pioneer_ws/install/auto_nav_pioneer_interfaces/share/auto_nav_pioneer_interfaces/package.sh'
[4.779s] INFO:colcon.colcon_core.shell:Creating package script '/home/parallels/workspace/auto_nav_pioneer_ws/install/auto_nav_pioneer_interfaces/share/auto_nav_pioneer_interfaces/package.bash'
[4.780s] INFO:colcon.colcon_core.shell:Creating package script '/home/parallels/workspace/auto_nav_pioneer_ws/install/auto_nav_pioneer_interfaces/share/auto_nav_pioneer_interfaces/package.zsh'
[4.780s] Level 1:colcon.colcon_core.environment:create_file_with_runtime_dependencies(/home/parallels/workspace/auto_nav_pioneer_ws/install/auto_nav_pioneer_interfaces/share/colcon-core/packages/auto_nav_pioneer_interfaces)
[4.780s] Level 1:colcon.colcon_core.environment:create_environment_scripts_only(auto_nav_pioneer_interfaces)
[4.780s] Level 1:colcon.colcon_core.environment:checking '/home/parallels/workspace/auto_nav_pioneer_ws/install/auto_nav_pioneer_interfaces' for CMake module files
[4.781s] Level 1:colcon.colcon_core.environment:checking '/home/parallels/workspace/auto_nav_pioneer_ws/install/auto_nav_pioneer_interfaces' for CMake config files
[4.781s] Level 1:colcon.colcon_core.shell:create_environment_hook('auto_nav_pioneer_interfaces', 'cmake_prefix_path')
[4.781s] INFO:colcon.colcon_core.shell:Creating environment hook '/home/parallels/workspace/auto_nav_pioneer_ws/install/auto_nav_pioneer_interfaces/share/auto_nav_pioneer_interfaces/hook/cmake_prefix_path.ps1'
[4.781s] INFO:colcon.colcon_core.shell:Creating environment descriptor '/home/parallels/workspace/auto_nav_pioneer_ws/install/auto_nav_pioneer_interfaces/share/auto_nav_pioneer_interfaces/hook/cmake_prefix_path.dsv'
[4.781s] INFO:colcon.colcon_core.shell:Creating environment hook '/home/parallels/workspace/auto_nav_pioneer_ws/install/auto_nav_pioneer_interfaces/share/auto_nav_pioneer_interfaces/hook/cmake_prefix_path.sh'
[4.782s] Level 1:colcon.colcon_core.environment:checking '/home/parallels/workspace/auto_nav_pioneer_ws/install/auto_nav_pioneer_interfaces/lib'
[4.782s] Level 1:colcon.colcon_core.shell:create_environment_hook('auto_nav_pioneer_interfaces', 'ld_library_path_lib')
[4.782s] INFO:colcon.colcon_core.shell:Creating environment hook '/home/parallels/workspace/auto_nav_pioneer_ws/install/auto_nav_pioneer_interfaces/share/auto_nav_pioneer_interfaces/hook/ld_library_path_lib.ps1'
[4.782s] INFO:colcon.colcon_core.shell:Creating environment descriptor '/home/parallels/workspace/auto_nav_pioneer_ws/install/auto_nav_pioneer_interfaces/share/auto_nav_pioneer_interfaces/hook/ld_library_path_lib.dsv'
[4.782s] INFO:colcon.colcon_core.shell:Creating environment hook '/home/parallels/workspace/auto_nav_pioneer_ws/install/auto_nav_pioneer_interfaces/share/auto_nav_pioneer_interfaces/hook/ld_library_path_lib.sh'
[4.782s] Level 1:colcon.colcon_core.environment:checking '/home/parallels/workspace/auto_nav_pioneer_ws/install/auto_nav_pioneer_interfaces/bin'
[4.782s] Level 1:colcon.colcon_core.environment:checking '/home/parallels/workspace/auto_nav_pioneer_ws/install/auto_nav_pioneer_interfaces/lib/pkgconfig/auto_nav_pioneer_interfaces.pc'
[4.782s] Level 1:colcon.colcon_core.environment:checking '/home/parallels/workspace/auto_nav_pioneer_ws/install/auto_nav_pioneer_interfaces/lib/python3.12/site-packages'
[4.782s] Level 1:colcon.colcon_core.shell:create_environment_hook('auto_nav_pioneer_interfaces', 'pythonpath')
[4.782s] INFO:colcon.colcon_core.shell:Creating environment hook '/home/parallels/workspace/auto_nav_pioneer_ws/install/auto_nav_pioneer_interfaces/share/auto_nav_pioneer_interfaces/hook/pythonpath.ps1'
[4.783s] INFO:colcon.colcon_core.shell:Creating environment descriptor '/home/parallels/workspace/auto_nav_pioneer_ws/install/auto_nav_pioneer_interfaces/share/auto_nav_pioneer_interfaces/hook/pythonpath.dsv'
[4.783s] INFO:colcon.colcon_core.shell:Creating environment hook '/home/parallels/workspace/auto_nav_pioneer_ws/install/auto_nav_pioneer_interfaces/share/auto_nav_pioneer_interfaces/hook/pythonpath.sh'
[4.783s] Level 1:colcon.colcon_core.environment:checking '/home/parallels/workspace/auto_nav_pioneer_ws/install/auto_nav_pioneer_interfaces/bin'
[4.784s] INFO:colcon.colcon_core.shell:Creating package script '/home/parallels/workspace/auto_nav_pioneer_ws/install/auto_nav_pioneer_interfaces/share/auto_nav_pioneer_interfaces/package.ps1'
[4.784s] INFO:colcon.colcon_core.shell:Creating package descriptor '/home/parallels/workspace/auto_nav_pioneer_ws/install/auto_nav_pioneer_interfaces/share/auto_nav_pioneer_interfaces/package.dsv'
[4.784s] INFO:colcon.colcon_core.shell:Creating package script '/home/parallels/workspace/auto_nav_pioneer_ws/install/auto_nav_pioneer_interfaces/share/auto_nav_pioneer_interfaces/package.sh'
[4.784s] INFO:colcon.colcon_core.shell:Creating package script '/home/parallels/workspace/auto_nav_pioneer_ws/install/auto_nav_pioneer_interfaces/share/auto_nav_pioneer_interfaces/package.bash'
[4.784s] INFO:colcon.colcon_core.shell:Creating package script '/home/parallels/workspace/auto_nav_pioneer_ws/install/auto_nav_pioneer_interfaces/share/auto_nav_pioneer_interfaces/package.zsh'
[4.785s] Level 1:colcon.colcon_core.environment:create_file_with_runtime_dependencies(/home/parallels/workspace/auto_nav_pioneer_ws/install/auto_nav_pioneer_interfaces/share/colcon-core/packages/auto_nav_pioneer_interfaces)
[4.785s] DEBUG:colcon.colcon_parallel_executor.executor.parallel:closing loop
[4.785s] DEBUG:colcon.colcon_parallel_executor.executor.parallel:loop closed
[4.785s] DEBUG:colcon.colcon_parallel_executor.executor.parallel:run_until_complete finished with '0'
[4.785s] DEBUG:colcon.colcon_core.event_reactor:joining thread
[4.788s] INFO:colcon.colcon_core.plugin_system:Skipping extension 'colcon_notification.desktop_notification.terminal_notifier': Not used on non-Darwin systems
[4.788s] INFO:colcon.colcon_core.plugin_system:Skipping extension 'colcon_notification.desktop_notification.win32': Not used on non-Windows systems
[4.788s] INFO:colcon.colcon_notification.desktop_notification:Sending desktop notification using 'notify2'
[4.798s] DEBUG:colcon.colcon_core.event_reactor:joined thread
[4.798s] INFO:colcon.colcon_core.shell:Creating prefix script '/home/parallels/workspace/auto_nav_pioneer_ws/install/local_setup.ps1'
[4.799s] INFO:colcon.colcon_core.shell:Creating prefix util module '/home/parallels/workspace/auto_nav_pioneer_ws/install/_local_setup_util_ps1.py'
[4.799s] INFO:colcon.colcon_core.shell:Creating prefix chain script '/home/parallels/workspace/auto_nav_pioneer_ws/install/setup.ps1'
[4.800s] INFO:colcon.colcon_core.shell:Creating prefix script '/home/parallels/workspace/auto_nav_pioneer_ws/install/local_setup.sh'
[4.800s] INFO:colcon.colcon_core.shell:Creating prefix util module '/home/parallels/workspace/auto_nav_pioneer_ws/install/_local_setup_util_sh.py'
[4.800s] INFO:colcon.colcon_core.shell:Creating prefix chain script '/home/parallels/workspace/auto_nav_pioneer_ws/install/setup.sh'
[4.801s] INFO:colcon.colcon_core.shell:Creating prefix script '/home/parallels/workspace/auto_nav_pioneer_ws/install/local_setup.bash'
[4.801s] INFO:colcon.colcon_core.shell:Creating prefix chain script '/home/parallels/workspace/auto_nav_pioneer_ws/install/setup.bash'
[4.801s] INFO:colcon.colcon_core.shell:Creating prefix script '/home/parallels/workspace/auto_nav_pioneer_ws/install/local_setup.zsh'
[4.801s] INFO:colcon.colcon_core.shell:Creating prefix chain script '/home/parallels/workspace/auto_nav_pioneer_ws/install/setup.zsh'
