[0.481s] Invoking command in '/home/parallels/workspace/auto_nav_pioneer_ws/build/auto_nav_pioneer_pkg': AMENT_PREFIX_PATH=/home/parallels/workspace/auto_nav_pioneer_ws/install/auto_nav_pioneer_interfaces:${AMENT_PREFIX_PATH} CMAKE_PREFIX_PATH=/home/parallels/workspace/auto_nav_pioneer_ws/install/auto_nav_pioneer_interfaces:${CMAKE_PREFIX_PATH} DEBUGINFOD_URLS=https://debuginfod.ubuntu.com LD_LIBRARY_PATH=/home/parallels/workspace/auto_nav_pioneer_ws/install/auto_nav_pioneer_interfaces/lib:${LD_LIBRARY_PATH} PYTHONPATH=/home/parallels/workspace/auto_nav_pioneer_ws/build/auto_nav_pioneer_pkg/prefix_override:/usr/lib/python3/dist-packages/colcon_core/task/python/colcon_distutils_commands:/home/parallels/workspace/auto_nav_pioneer_ws/install/auto_nav_pioneer_pkg/lib/python3.12/site-packages:/home/parallels/workspace/auto_nav_pioneer_ws/install/auto_nav_pioneer_interfaces/lib/python3.12/site-packages:${PYTHONPATH} /usr/bin/python3 -W ignore:setup.py install is deprecated -W ignore:easy_install command is deprecated setup.py develop --editable --build-directory /home/parallels/workspace/auto_nav_pioneer_ws/build/auto_nav_pioneer_pkg/build --no-deps symlink_data
[0.658s] running develop
[0.766s] running egg_info
[0.766s] creating auto_nav_pioneer_pkg.egg-info
[0.777s] writing auto_nav_pioneer_pkg.egg-info/PKG-INFO
[0.777s] writing dependency_links to auto_nav_pioneer_pkg.egg-info/dependency_links.txt
[0.777s] writing entry points to auto_nav_pioneer_pkg.egg-info/entry_points.txt
[0.777s] writing requirements to auto_nav_pioneer_pkg.egg-info/requires.txt
[0.777s] writing top-level names to auto_nav_pioneer_pkg.egg-info/top_level.txt
[0.777s] writing manifest file 'auto_nav_pioneer_pkg.egg-info/SOURCES.txt'
[0.798s] reading manifest file 'auto_nav_pioneer_pkg.egg-info/SOURCES.txt'
[0.798s] writing manifest file 'auto_nav_pioneer_pkg.egg-info/SOURCES.txt'
[0.808s] running build_ext
[0.808s] Creating /home/parallels/workspace/auto_nav_pioneer_ws/install/auto_nav_pioneer_pkg/lib/python3.12/site-packages/auto-nav-pioneer-pkg.egg-link (link to .)
[0.809s] Installing fake_odom_node script to /home/parallels/workspace/auto_nav_pioneer_ws/install/auto_nav_pioneer_pkg/lib/auto_nav_pioneer_pkg
[0.809s] Installing pure_pursuit_controller_node script to /home/parallels/workspace/auto_nav_pioneer_ws/install/auto_nav_pioneer_pkg/lib/auto_nav_pioneer_pkg
[0.809s] Installing safety_teleop_node script to /home/parallels/workspace/auto_nav_pioneer_ws/install/auto_nav_pioneer_pkg/lib/auto_nav_pioneer_pkg
[0.809s] Installing waypoint_manager_node script to /home/parallels/workspace/auto_nav_pioneer_ws/install/auto_nav_pioneer_pkg/lib/auto_nav_pioneer_pkg
[0.809s] 
[0.810s] Installed /home/parallels/workspace/auto_nav_pioneer_ws/build/auto_nav_pioneer_pkg
[0.810s] running symlink_data
[0.810s] creating /home/parallels/workspace/auto_nav_pioneer_ws/install/auto_nav_pioneer_pkg/share/ament_index
[0.810s] creating /home/parallels/workspace/auto_nav_pioneer_ws/install/auto_nav_pioneer_pkg/share/ament_index/resource_index
[0.810s] creating /home/parallels/workspace/auto_nav_pioneer_ws/install/auto_nav_pioneer_pkg/share/ament_index/resource_index/packages
[0.810s] symbolically linking /home/parallels/workspace/auto_nav_pioneer_ws/build/auto_nav_pioneer_pkg/resource/auto_nav_pioneer_pkg -> /home/parallels/workspace/auto_nav_pioneer_ws/install/auto_nav_pioneer_pkg/share/ament_index/resource_index/packages
[0.810s] symbolically linking /home/parallels/workspace/auto_nav_pioneer_ws/build/auto_nav_pioneer_pkg/package.xml -> /home/parallels/workspace/auto_nav_pioneer_ws/install/auto_nav_pioneer_pkg/share/auto_nav_pioneer_pkg
[0.810s] creating /home/parallels/workspace/auto_nav_pioneer_ws/install/auto_nav_pioneer_pkg/share/auto_nav_pioneer_pkg/launch
[0.810s] symbolically linking /home/parallels/workspace/auto_nav_pioneer_ws/build/auto_nav_pioneer_pkg/launch/sim.launch.py -> /home/parallels/workspace/auto_nav_pioneer_ws/install/auto_nav_pioneer_pkg/share/auto_nav_pioneer_pkg/launch
[0.810s] symbolically linking /home/parallels/workspace/auto_nav_pioneer_ws/build/auto_nav_pioneer_pkg/launch/gazebo_sim.launch.py -> /home/parallels/workspace/auto_nav_pioneer_ws/install/auto_nav_pioneer_pkg/share/auto_nav_pioneer_pkg/launch
[0.810s] creating /home/parallels/workspace/auto_nav_pioneer_ws/install/auto_nav_pioneer_pkg/share/auto_nav_pioneer_pkg/config
[0.811s] symbolically linking /home/parallels/workspace/auto_nav_pioneer_ws/build/auto_nav_pioneer_pkg/config/sim_params.yaml -> /home/parallels/workspace/auto_nav_pioneer_ws/install/auto_nav_pioneer_pkg/share/auto_nav_pioneer_pkg/config
[0.811s] symbolically linking /home/parallels/workspace/auto_nav_pioneer_ws/build/auto_nav_pioneer_pkg/config/waypoints_sim.yaml -> /home/parallels/workspace/auto_nav_pioneer_ws/install/auto_nav_pioneer_pkg/share/auto_nav_pioneer_pkg/config
[0.811s] symbolically linking /home/parallels/workspace/auto_nav_pioneer_ws/build/auto_nav_pioneer_pkg/config/gz_bridge.yaml -> /home/parallels/workspace/auto_nav_pioneer_ws/install/auto_nav_pioneer_pkg/share/auto_nav_pioneer_pkg/config
[0.811s] creating /home/parallels/workspace/auto_nav_pioneer_ws/install/auto_nav_pioneer_pkg/share/auto_nav_pioneer_pkg/urdf
[0.811s] symbolically linking /home/parallels/workspace/auto_nav_pioneer_ws/build/auto_nav_pioneer_pkg/urdf/pioneer.urdf -> /home/parallels/workspace/auto_nav_pioneer_ws/install/auto_nav_pioneer_pkg/share/auto_nav_pioneer_pkg/urdf
[0.811s] creating /home/parallels/workspace/auto_nav_pioneer_ws/install/auto_nav_pioneer_pkg/share/auto_nav_pioneer_pkg/worlds
[0.811s] symbolically linking /home/parallels/workspace/auto_nav_pioneer_ws/build/auto_nav_pioneer_pkg/worlds/mission_world.sdf -> /home/parallels/workspace/auto_nav_pioneer_ws/install/auto_nav_pioneer_pkg/share/auto_nav_pioneer_pkg/worlds
[0.811s] creating /home/parallels/workspace/auto_nav_pioneer_ws/install/auto_nav_pioneer_pkg/share/auto_nav_pioneer_pkg/meshes
[0.811s] symbolically linking /home/parallels/workspace/auto_nav_pioneer_ws/build/auto_nav_pioneer_pkg/meshes/suporte_base_mesh.dae -> /home/parallels/workspace/auto_nav_pioneer_ws/install/auto_nav_pioneer_pkg/share/auto_nav_pioneer_pkg/meshes
[0.811s] symbolically linking /home/parallels/workspace/auto_nav_pioneer_ws/build/auto_nav_pioneer_pkg/meshes/axle.dae -> /home/parallels/workspace/auto_nav_pioneer_ws/install/auto_nav_pioneer_pkg/share/auto_nav_pioneer_pkg/meshes
[0.811s] symbolically linking /home/parallels/workspace/auto_nav_pioneer_ws/build/auto_nav_pioneer_pkg/meshes/kinect.dae -> /home/parallels/workspace/auto_nav_pioneer_ws/install/auto_nav_pioneer_pkg/share/auto_nav_pioneer_pkg/meshes
[0.811s] symbolically linking /home/parallels/workspace/auto_nav_pioneer_ws/build/auto_nav_pioneer_pkg/meshes/left_hubcap.dae -> /home/parallels/workspace/auto_nav_pioneer_ws/install/auto_nav_pioneer_pkg/share/auto_nav_pioneer_pkg/meshes
[0.812s] symbolically linking /home/parallels/workspace/auto_nav_pioneer_ws/build/auto_nav_pioneer_pkg/meshes/tampa4_mesh.dae -> /home/parallels/workspace/auto_nav_pioneer_ws/install/auto_nav_pioneer_pkg/share/auto_nav_pioneer_pkg/meshes
[0.812s] symbolically linking /home/parallels/workspace/auto_nav_pioneer_ws/build/auto_nav_pioneer_pkg/meshes/tampa2_mesh.dae -> /home/parallels/workspace/auto_nav_pioneer_ws/install/auto_nav_pioneer_pkg/share/auto_nav_pioneer_pkg/meshes
[0.812s] symbolically linking /home/parallels/workspace/auto_nav_pioneer_ws/build/auto_nav_pioneer_pkg/meshes/back_sonar.dae -> /home/parallels/workspace/auto_nav_pioneer_ws/install/auto_nav_pioneer_pkg/share/auto_nav_pioneer_pkg/meshes
[0.812s] symbolically linking /home/parallels/workspace/auto_nav_pioneer_ws/build/auto_nav_pioneer_pkg/meshes/left_hubcap_mesh.dae -> /home/parallels/workspace/auto_nav_pioneer_ws/install/auto_nav_pioneer_pkg/share/auto_nav_pioneer_pkg/meshes
[0.812s] symbolically linking /home/parallels/workspace/auto_nav_pioneer_ws/build/auto_nav_pioneer_pkg/meshes/right_hubcap.dae -> /home/parallels/workspace/auto_nav_pioneer_ws/install/auto_nav_pioneer_pkg/share/auto_nav_pioneer_pkg/meshes
[0.812s] symbolically linking /home/parallels/workspace/auto_nav_pioneer_ws/build/auto_nav_pioneer_pkg/meshes/arm_control_box_mesh.dae -> /home/parallels/workspace/auto_nav_pioneer_ws/install/auto_nav_pioneer_pkg/share/auto_nav_pioneer_pkg/meshes
[0.812s] symbolically linking /home/parallels/workspace/auto_nav_pioneer_ws/build/auto_nav_pioneer_pkg/meshes/suporte_armControl_mesh.dae -> /home/parallels/workspace/auto_nav_pioneer_ws/install/auto_nav_pioneer_pkg/share/auto_nav_pioneer_pkg/meshes
[0.812s] symbolically linking /home/parallels/workspace/auto_nav_pioneer_ws/build/auto_nav_pioneer_pkg/meshes/wheel.dae -> /home/parallels/workspace/auto_nav_pioneer_ws/install/auto_nav_pioneer_pkg/share/auto_nav_pioneer_pkg/meshes
[0.812s] symbolically linking /home/parallels/workspace/auto_nav_pioneer_ws/build/auto_nav_pioneer_pkg/meshes/suporte_kinect_mesh.dae -> /home/parallels/workspace/auto_nav_pioneer_ws/install/auto_nav_pioneer_pkg/share/auto_nav_pioneer_pkg/meshes
[0.812s] symbolically linking /home/parallels/workspace/auto_nav_pioneer_ws/build/auto_nav_pioneer_pkg/meshes/chassis.dae -> /home/parallels/workspace/auto_nav_pioneer_ws/install/auto_nav_pioneer_pkg/share/auto_nav_pioneer_pkg/meshes
[0.812s] symbolically linking /home/parallels/workspace/auto_nav_pioneer_ws/build/auto_nav_pioneer_pkg/meshes/suporte_base_mesh2.dae -> /home/parallels/workspace/auto_nav_pioneer_ws/install/auto_nav_pioneer_pkg/share/auto_nav_pioneer_pkg/meshes
[0.812s] symbolically linking /home/parallels/workspace/auto_nav_pioneer_ws/build/auto_nav_pioneer_pkg/meshes/suporte_monitor_mesh.dae -> /home/parallels/workspace/auto_nav_pioneer_ws/install/auto_nav_pioneer_pkg/share/auto_nav_pioneer_pkg/meshes
[0.812s] symbolically linking /home/parallels/workspace/auto_nav_pioneer_ws/build/auto_nav_pioneer_pkg/meshes/suporte_depth_mesh.dae -> /home/parallels/workspace/auto_nav_pioneer_ws/install/auto_nav_pioneer_pkg/share/auto_nav_pioneer_pkg/meshes
[0.812s] symbolically linking /home/parallels/workspace/auto_nav_pioneer_ws/build/auto_nav_pioneer_pkg/meshes/hokuyo1.dae -> /home/parallels/workspace/auto_nav_pioneer_ws/install/auto_nav_pioneer_pkg/share/auto_nav_pioneer_pkg/meshes
[0.812s] symbolically linking /home/parallels/workspace/auto_nav_pioneer_ws/build/auto_nav_pioneer_pkg/meshes/tampa1_mesh.dae -> /home/parallels/workspace/auto_nav_pioneer_ws/install/auto_nav_pioneer_pkg/share/auto_nav_pioneer_pkg/meshes
[0.812s] symbolically linking /home/parallels/workspace/auto_nav_pioneer_ws/build/auto_nav_pioneer_pkg/meshes/back_sonar_mesh.dae -> /home/parallels/workspace/auto_nav_pioneer_ws/install/auto_nav_pioneer_pkg/share/auto_nav_pioneer_pkg/meshes
[0.812s] symbolically linking /home/parallels/workspace/auto_nav_pioneer_ws/build/auto_nav_pioneer_pkg/meshes/hokuyo.dae -> /home/parallels/workspace/auto_nav_pioneer_ws/install/auto_nav_pioneer_pkg/share/auto_nav_pioneer_pkg/meshes
[0.812s] symbolically linking /home/parallels/workspace/auto_nav_pioneer_ws/build/auto_nav_pioneer_pkg/meshes/front_sonar.dae -> /home/parallels/workspace/auto_nav_pioneer_ws/install/auto_nav_pioneer_pkg/share/auto_nav_pioneer_pkg/meshes
[0.812s] symbolically linking /home/parallels/workspace/auto_nav_pioneer_ws/build/auto_nav_pioneer_pkg/meshes/top.dae -> /home/parallels/workspace/auto_nav_pioneer_ws/install/auto_nav_pioneer_pkg/share/auto_nav_pioneer_pkg/meshes
[0.812s] symbolically linking /home/parallels/workspace/auto_nav_pioneer_ws/build/auto_nav_pioneer_pkg/meshes/tv_mesh.dae -> /home/parallels/workspace/auto_nav_pioneer_ws/install/auto_nav_pioneer_pkg/share/auto_nav_pioneer_pkg/meshes
[0.812s] symbolically linking /home/parallels/workspace/auto_nav_pioneer_ws/build/auto_nav_pioneer_pkg/meshes/tampa3_mesh.dae -> /home/parallels/workspace/auto_nav_pioneer_ws/install/auto_nav_pioneer_pkg/share/auto_nav_pioneer_pkg/meshes
[0.812s] symbolically linking /home/parallels/workspace/auto_nav_pioneer_ws/build/auto_nav_pioneer_pkg/meshes/hokuyo_convex.stl -> /home/parallels/workspace/auto_nav_pioneer_ws/install/auto_nav_pioneer_pkg/share/auto_nav_pioneer_pkg/meshes
[0.812s] symbolically linking /home/parallels/workspace/auto_nav_pioneer_ws/build/auto_nav_pioneer_pkg/meshes/kinect.tga -> /home/parallels/workspace/auto_nav_pioneer_ws/install/auto_nav_pioneer_pkg/share/auto_nav_pioneer_pkg/meshes
[0.831s] Invoked command in '/home/parallels/workspace/auto_nav_pioneer_ws/build/auto_nav_pioneer_pkg' returned '0': AMENT_PREFIX_PATH=/home/parallels/workspace/auto_nav_pioneer_ws/install/auto_nav_pioneer_interfaces:${AMENT_PREFIX_PATH} CMAKE_PREFIX_PATH=/home/parallels/workspace/auto_nav_pioneer_ws/install/auto_nav_pioneer_interfaces:${CMAKE_PREFIX_PATH} DEBUGINFOD_URLS=https://debuginfod.ubuntu.com LD_LIBRARY_PATH=/home/parallels/workspace/auto_nav_pioneer_ws/install/auto_nav_pioneer_interfaces/lib:${LD_LIBRARY_PATH} PYTHONPATH=/home/parallels/workspace/auto_nav_pioneer_ws/build/auto_nav_pioneer_pkg/prefix_override:/usr/lib/python3/dist-packages/colcon_core/task/python/colcon_distutils_commands:/home/parallels/workspace/auto_nav_pioneer_ws/install/auto_nav_pioneer_pkg/lib/python3.12/site-packages:/home/parallels/workspace/auto_nav_pioneer_ws/install/auto_nav_pioneer_interfaces/lib/python3.12/site-packages:${PYTHONPATH} /usr/bin/python3 -W ignore:setup.py install is deprecated -W ignore:easy_install command is deprecated setup.py develop --editable --build-directory /home/parallels/workspace/auto_nav_pioneer_ws/build/auto_nav_pioneer_pkg/build --no-deps symlink_data
