[0.062s] DEBUG:colcon:Command line arguments: ['/usr/bin/colcon', 'build', '--symlink-install', '--packages-select', 'auto_nav_pioneer_pkg']
[0.062s] DEBUG:colcon:Parsed command line arguments: Namespace(log_base=None, log_level=None, verb_name='build', build_base='build', install_base='install', merge_install=False, symlink_install=True, test_result_base=None, continue_on_error=False, executor='parallel', parallel_workers=8, event_handlers=None, ignore_user_meta=False, metas=['./colcon.meta'], base_paths=['.'], packages_ignore=None, packages_ignore_regex=None, paths=None, packages_up_to=None, packages_up_to_regex=None, packages_above=None, packages_above_and_dependencies=None, packages_above_depth=None, packages_select_by_dep=None, packages_skip_by_dep=None, packages_skip_up_to=None, packages_select_build_failed=False, packages_skip_build_finished=False, packages_select_test_failures=False, packages_skip_test_passed=False, packages_select=['auto_nav_pioneer_pkg'], packages_skip=None, packages_select_regex=None, packages_skip_regex=None, packages_start=None, packages_end=None, allow_overriding=[], cmake_args=None, cmake_target=None, cmake_target_skip_unavailable=False, cmake_clean_cache=False, cmake_clean_first=False, cmake_force_configure=False, ament_cmake_args=None, catkin_cmake_args=None, catkin_skip_building_tests=False, mixin_files=None, mixin=None, verb_parser=<colcon_mixin.mixin.mixin_argument.MixinArgumentDecorator object at 0xf849026d2030>, verb_extension=<colcon_core.verb.build.BuildVerb object at 0xf849026d1e20>, main=<bound method BuildVerb.main of <colcon_core.verb.build.BuildVerb object at 0xf849026d1e20>>, mixin_verb=('build',))
[0.084s] Level 1:colcon.colcon_core.package_discovery:discover_packages(colcon_meta) check parameters
[0.084s] Level 1:colcon.colcon_core.package_discovery:discover_packages(recursive) check parameters
[0.084s] Level 1:colcon.colcon_core.package_discovery:discover_packages(ignore) check parameters
[0.084s] Level 1:colcon.colcon_core.package_discovery:discover_packages(path) check parameters
[0.084s] Level 1:colcon.colcon_core.package_discovery:discover_packages(colcon_meta) discover
[0.084s] Level 1:colcon.colcon_core.package_discovery:discover_packages(recursive) discover
[0.084s] INFO:colcon.colcon_core.package_discovery:Crawling recursively for packages in '/home/parallels/workspace/auto_nav_pioneer_ws'
[0.084s] Level 1:colcon.colcon_core.package_identification:_identify(.) by extensions ['ignore', 'ignore_ament_install']
[0.084s] Level 1:colcon.colcon_core.package_identification:_identify(.) by extension 'ignore'
[0.084s] Level 1:colcon.colcon_core.package_identification:_identify(.) by extension 'ignore_ament_install'
[0.084s] Level 1:colcon.colcon_core.package_identification:_identify(.) by extensions ['colcon_pkg']
[0.084s] Level 1:colcon.colcon_core.package_identification:_identify(.) by extension 'colcon_pkg'
[0.084s] Level 1:colcon.colcon_core.package_identification:_identify(.) by extensions ['colcon_meta']
[0.084s] Level 1:colcon.colcon_core.package_identification:_identify(.) by extension 'colcon_meta'
[0.084s] Level 1:colcon.colcon_core.package_identification:_identify(.) by extensions ['ros']
[0.084s] Level 1:colcon.colcon_core.package_identification:_identify(.) by extension 'ros'
[0.101s] Level 1:colcon.colcon_core.package_identification:_identify(.) by extensions ['cmake', 'python']
[0.101s] Level 1:colcon.colcon_core.package_identification:_identify(.) by extension 'cmake'
[0.101s] Level 1:colcon.colcon_core.package_identification:_identify(.) by extension 'python'
[0.101s] Level 1:colcon.colcon_core.package_identification:_identify(.) by extensions ['python_setup_py']
[0.101s] Level 1:colcon.colcon_core.package_identification:_identify(.) by extension 'python_setup_py'
[0.101s] Level 1:colcon.colcon_core.package_identification:_identify(build) by extensions ['ignore', 'ignore_ament_install']
[0.101s] Level 1:colcon.colcon_core.package_identification:_identify(build) by extension 'ignore'
[0.101s] Level 1:colcon.colcon_core.package_identification:_identify(build) ignored
[0.101s] Level 1:colcon.colcon_core.package_identification:_identify(doc) by extensions ['ignore', 'ignore_ament_install']
[0.101s] Level 1:colcon.colcon_core.package_identification:_identify(doc) by extension 'ignore'
[0.101s] Level 1:colcon.colcon_core.package_identification:_identify(doc) by extension 'ignore_ament_install'
[0.101s] Level 1:colcon.colcon_core.package_identification:_identify(doc) by extensions ['colcon_pkg']
[0.101s] Level 1:colcon.colcon_core.package_identification:_identify(doc) by extension 'colcon_pkg'
[0.101s] Level 1:colcon.colcon_core.package_identification:_identify(doc) by extensions ['colcon_meta']
[0.101s] Level 1:colcon.colcon_core.package_identification:_identify(doc) by extension 'colcon_meta'
[0.101s] Level 1:colcon.colcon_core.package_identification:_identify(doc) by extensions ['ros']
[0.101s] Level 1:colcon.colcon_core.package_identification:_identify(doc) by extension 'ros'
[0.101s] Level 1:colcon.colcon_core.package_identification:_identify(doc) by extensions ['cmake', 'python']
[0.101s] Level 1:colcon.colcon_core.package_identification:_identify(doc) by extension 'cmake'
[0.101s] Level 1:colcon.colcon_core.package_identification:_identify(doc) by extension 'python'
[0.101s] Level 1:colcon.colcon_core.package_identification:_identify(doc) by extensions ['python_setup_py']
[0.101s] Level 1:colcon.colcon_core.package_identification:_identify(doc) by extension 'python_setup_py'
[0.101s] Level 1:colcon.colcon_core.package_identification:_identify(install) by extensions ['ignore', 'ignore_ament_install']
[0.101s] Level 1:colcon.colcon_core.package_identification:_identify(install) by extension 'ignore'
[0.101s] Level 1:colcon.colcon_core.package_identification:_identify(install) ignored
[0.101s] Level 1:colcon.colcon_core.package_identification:_identify(log) by extensions ['ignore', 'ignore_ament_install']
[0.101s] Level 1:colcon.colcon_core.package_identification:_identify(log) by extension 'ignore'
[0.101s] Level 1:colcon.colcon_core.package_identification:_identify(log) ignored
[0.101s] Level 1:colcon.colcon_core.package_identification:_identify(src) by extensions ['ignore', 'ignore_ament_install']
[0.101s] Level 1:colcon.colcon_core.package_identification:_identify(src) by extension 'ignore'
[0.101s] Level 1:colcon.colcon_core.package_identification:_identify(src) by extension 'ignore_ament_install'
[0.101s] Level 1:colcon.colcon_core.package_identification:_identify(src) by extensions ['colcon_pkg']
[0.101s] Level 1:colcon.colcon_core.package_identification:_identify(src) by extension 'colcon_pkg'
[0.101s] Level 1:colcon.colcon_core.package_identification:_identify(src) by extensions ['colcon_meta']
[0.101s] Level 1:colcon.colcon_core.package_identification:_identify(src) by extension 'colcon_meta'
[0.102s] Level 1:colcon.colcon_core.package_identification:_identify(src) by extensions ['ros']
[0.102s] Level 1:colcon.colcon_core.package_identification:_identify(src) by extension 'ros'
[0.102s] Level 1:colcon.colcon_core.package_identification:_identify(src) by extensions ['cmake', 'python']
[0.102s] Level 1:colcon.colcon_core.package_identification:_identify(src) by extension 'cmake'
[0.102s] Level 1:colcon.colcon_core.package_identification:_identify(src) by extension 'python'
[0.102s] Level 1:colcon.colcon_core.package_identification:_identify(src) by extensions ['python_setup_py']
[0.102s] Level 1:colcon.colcon_core.package_identification:_identify(src) by extension 'python_setup_py'
[0.102s] Level 1:colcon.colcon_core.package_identification:_identify(src/auto_nav_pioneer_interfaces) by extensions ['ignore', 'ignore_ament_install']
[0.102s] Level 1:colcon.colcon_core.package_identification:_identify(src/auto_nav_pioneer_interfaces) by extension 'ignore'
[0.102s] Level 1:colcon.colcon_core.package_identification:_identify(src/auto_nav_pioneer_interfaces) by extension 'ignore_ament_install'
[0.102s] Level 1:colcon.colcon_core.package_identification:_identify(src/auto_nav_pioneer_interfaces) by extensions ['colcon_pkg']
[0.102s] Level 1:colcon.colcon_core.package_identification:_identify(src/auto_nav_pioneer_interfaces) by extension 'colcon_pkg'
[0.102s] Level 1:colcon.colcon_core.package_identification:_identify(src/auto_nav_pioneer_interfaces) by extensions ['colcon_meta']
[0.102s] Level 1:colcon.colcon_core.package_identification:_identify(src/auto_nav_pioneer_interfaces) by extension 'colcon_meta'
[0.102s] Level 1:colcon.colcon_core.package_identification:_identify(src/auto_nav_pioneer_interfaces) by extensions ['ros']
[0.102s] Level 1:colcon.colcon_core.package_identification:_identify(src/auto_nav_pioneer_interfaces) by extension 'ros'
[0.103s] DEBUG:colcon.colcon_core.package_identification:Package 'src/auto_nav_pioneer_interfaces' with type 'ros.ament_cmake' and name 'auto_nav_pioneer_interfaces'
[0.103s] Level 1:colcon.colcon_core.package_identification:_identify(src/auto_nav_pioneer_pkg) by extensions ['ignore', 'ignore_ament_install']
[0.103s] Level 1:colcon.colcon_core.package_identification:_identify(src/auto_nav_pioneer_pkg) by extension 'ignore'
[0.103s] Level 1:colcon.colcon_core.package_identification:_identify(src/auto_nav_pioneer_pkg) by extension 'ignore_ament_install'
[0.103s] Level 1:colcon.colcon_core.package_identification:_identify(src/auto_nav_pioneer_pkg) by extensions ['colcon_pkg']
[0.103s] Level 1:colcon.colcon_core.package_identification:_identify(src/auto_nav_pioneer_pkg) by extension 'colcon_pkg'
[0.104s] Level 1:colcon.colcon_core.package_identification:_identify(src/auto_nav_pioneer_pkg) by extensions ['colcon_meta']
[0.104s] Level 1:colcon.colcon_core.package_identification:_identify(src/auto_nav_pioneer_pkg) by extension 'colcon_meta'
[0.104s] Level 1:colcon.colcon_core.package_identification:_identify(src/auto_nav_pioneer_pkg) by extensions ['ros']
[0.104s] Level 1:colcon.colcon_core.package_identification:_identify(src/auto_nav_pioneer_pkg) by extension 'ros'
[0.104s] DEBUG:colcon.colcon_core.package_identification:Package 'src/auto_nav_pioneer_pkg' with type 'ros.ament_python' and name 'auto_nav_pioneer_pkg'
[0.104s] Level 1:colcon.colcon_core.package_discovery:discover_packages(recursive) using defaults
[0.104s] Level 1:colcon.colcon_core.package_discovery:discover_packages(ignore) discover
[0.104s] Level 1:colcon.colcon_core.package_discovery:discover_packages(ignore) using defaults
[0.104s] Level 1:colcon.colcon_core.package_discovery:discover_packages(path) discover
[0.104s] Level 1:colcon.colcon_core.package_discovery:discover_packages(path) using defaults
[0.115s] INFO:colcon.colcon_core.package_selection:Skipping not selected package 'auto_nav_pioneer_interfaces' in 'src/auto_nav_pioneer_interfaces'
[0.115s] Level 1:colcon.colcon_core.package_discovery:discover_packages(prefix_path) check parameters
[0.115s] Level 1:colcon.colcon_core.package_discovery:discover_packages(prefix_path) discover
[0.117s] DEBUG:colcon.colcon_installed_package_information.package_discovery:Found 1 installed packages in /home/parallels/auto4508/dev_pioneer_part_2/install
[0.118s] DEBUG:colcon.colcon_installed_package_information.package_discovery:Found 391 installed packages in /opt/ros/jazzy
[0.119s] Level 1:colcon.colcon_core.package_discovery:discover_packages(prefix_path) using defaults
[0.154s] Level 5:colcon.colcon_core.verb:set package 'auto_nav_pioneer_pkg' build argument 'cmake_args' from command line to 'None'
[0.154s] Level 5:colcon.colcon_core.verb:set package 'auto_nav_pioneer_pkg' build argument 'cmake_target' from command line to 'None'
[0.154s] Level 5:colcon.colcon_core.verb:set package 'auto_nav_pioneer_pkg' build argument 'cmake_target_skip_unavailable' from command line to 'False'
[0.154s] Level 5:colcon.colcon_core.verb:set package 'auto_nav_pioneer_pkg' build argument 'cmake_clean_cache' from command line to 'False'
[0.154s] Level 5:colcon.colcon_core.verb:set package 'auto_nav_pioneer_pkg' build argument 'cmake_clean_first' from command line to 'False'
[0.154s] Level 5:colcon.colcon_core.verb:set package 'auto_nav_pioneer_pkg' build argument 'cmake_force_configure' from command line to 'False'
[0.154s] Level 5:colcon.colcon_core.verb:set package 'auto_nav_pioneer_pkg' build argument 'ament_cmake_args' from command line to 'None'
[0.154s] Level 5:colcon.colcon_core.verb:set package 'auto_nav_pioneer_pkg' build argument 'catkin_cmake_args' from command line to 'None'
[0.154s] Level 5:colcon.colcon_core.verb:set package 'auto_nav_pioneer_pkg' build argument 'catkin_skip_building_tests' from command line to 'False'
[0.154s] DEBUG:colcon.colcon_core.verb:Building package 'auto_nav_pioneer_pkg' with the following arguments: {'ament_cmake_args': None, 'build_base': '/home/parallels/workspace/auto_nav_pioneer_ws/build/auto_nav_pioneer_pkg', 'catkin_cmake_args': None, 'catkin_skip_building_tests': False, 'cmake_args': None, 'cmake_clean_cache': False, 'cmake_clean_first': False, 'cmake_force_configure': False, 'cmake_target': None, 'cmake_target_skip_unavailable': False, 'install_base': '/home/parallels/workspace/auto_nav_pioneer_ws/install/auto_nav_pioneer_pkg', 'merge_install': False, 'path': '/home/parallels/workspace/auto_nav_pioneer_ws/src/auto_nav_pioneer_pkg', 'symlink_install': True, 'test_result_base': None}
[0.154s] INFO:colcon.colcon_core.executor:Executing jobs using 'parallel' executor
[0.155s] DEBUG:colcon.colcon_parallel_executor.executor.parallel:run_until_complete
[0.155s] INFO:colcon.colcon_ros.task.ament_python.build:Building ROS package in '/home/parallels/workspace/auto_nav_pioneer_ws/src/auto_nav_pioneer_pkg' with build type 'ament_python'
[0.155s] Level 1:colcon.colcon_core.shell:create_environment_hook('auto_nav_pioneer_pkg', 'ament_prefix_path')
[0.156s] INFO:colcon.colcon_core.plugin_system:Skipping extension 'colcon_core.shell.bat': Not used on non-Windows systems
[0.156s] INFO:colcon.colcon_core.shell:Creating environment hook '/home/parallels/workspace/auto_nav_pioneer_ws/install/auto_nav_pioneer_pkg/share/auto_nav_pioneer_pkg/hook/ament_prefix_path.ps1'
[0.157s] INFO:colcon.colcon_core.shell:Creating environment descriptor '/home/parallels/workspace/auto_nav_pioneer_ws/install/auto_nav_pioneer_pkg/share/auto_nav_pioneer_pkg/hook/ament_prefix_path.dsv'
[0.157s] INFO:colcon.colcon_core.shell:Creating environment hook '/home/parallels/workspace/auto_nav_pioneer_ws/install/auto_nav_pioneer_pkg/share/auto_nav_pioneer_pkg/hook/ament_prefix_path.sh'
[0.157s] INFO:colcon.colcon_core.shell:Skip shell extension 'powershell' for command environment: Not usable outside of PowerShell
[0.157s] DEBUG:colcon.colcon_core.shell:Skip shell extension 'dsv' for command environment
[0.315s] INFO:colcon.colcon_core.task.python.build:Building Python package in '/home/parallels/workspace/auto_nav_pioneer_ws/src/auto_nav_pioneer_pkg'
[0.315s] INFO:colcon.colcon_core.shell:Skip shell extension 'powershell' for command environment: Not usable outside of PowerShell
[0.316s] DEBUG:colcon.colcon_core.shell:Skip shell extension 'dsv' for command environment
[0.637s] DEBUG:colcon.colcon_core.event_handler.log_command:Invoking command in '/home/parallels/workspace/auto_nav_pioneer_ws/build/auto_nav_pioneer_pkg': AMENT_PREFIX_PATH=/home/parallels/workspace/auto_nav_pioneer_ws/install/auto_nav_pioneer_interfaces:${AMENT_PREFIX_PATH} CMAKE_PREFIX_PATH=/home/parallels/workspace/auto_nav_pioneer_ws/install/auto_nav_pioneer_interfaces:${CMAKE_PREFIX_PATH} DEBUGINFOD_URLS=https://debuginfod.ubuntu.com LD_LIBRARY_PATH=/home/parallels/workspace/auto_nav_pioneer_ws/install/auto_nav_pioneer_interfaces/lib:${LD_LIBRARY_PATH} PYTHONPATH=/home/parallels/workspace/auto_nav_pioneer_ws/build/auto_nav_pioneer_pkg/prefix_override:/usr/lib/python3/dist-packages/colcon_core/task/python/colcon_distutils_commands:/home/parallels/workspace/auto_nav_pioneer_ws/install/auto_nav_pioneer_pkg/lib/python3.12/site-packages:/home/parallels/workspace/auto_nav_pioneer_ws/install/auto_nav_pioneer_interfaces/lib/python3.12/site-packages:${PYTHONPATH} /usr/bin/python3 -W ignore:setup.py install is deprecated -W ignore:easy_install command is deprecated setup.py develop --editable --build-directory /home/parallels/workspace/auto_nav_pioneer_ws/build/auto_nav_pioneer_pkg/build --no-deps symlink_data
[0.986s] Level 1:colcon.colcon_core.shell:create_environment_hook('auto_nav_pioneer_pkg', 'pythonpath_develop')
[0.987s] INFO:colcon.colcon_core.shell:Creating environment hook '/home/parallels/workspace/auto_nav_pioneer_ws/build/auto_nav_pioneer_pkg/share/auto_nav_pioneer_pkg/hook/pythonpath_develop.ps1'
[0.987s] DEBUG:colcon.colcon_core.event_handler.log_command:Invoked command in '/home/parallels/workspace/auto_nav_pioneer_ws/build/auto_nav_pioneer_pkg' returned '0': AMENT_PREFIX_PATH=/home/parallels/workspace/auto_nav_pioneer_ws/install/auto_nav_pioneer_interfaces:${AMENT_PREFIX_PATH} CMAKE_PREFIX_PATH=/home/parallels/workspace/auto_nav_pioneer_ws/install/auto_nav_pioneer_interfaces:${CMAKE_PREFIX_PATH} DEBUGINFOD_URLS=https://debuginfod.ubuntu.com LD_LIBRARY_PATH=/home/parallels/workspace/auto_nav_pioneer_ws/install/auto_nav_pioneer_interfaces/lib:${LD_LIBRARY_PATH} PYTHONPATH=/home/parallels/workspace/auto_nav_pioneer_ws/build/auto_nav_pioneer_pkg/prefix_override:/usr/lib/python3/dist-packages/colcon_core/task/python/colcon_distutils_commands:/home/parallels/workspace/auto_nav_pioneer_ws/install/auto_nav_pioneer_pkg/lib/python3.12/site-packages:/home/parallels/workspace/auto_nav_pioneer_ws/install/auto_nav_pioneer_interfaces/lib/python3.12/site-packages:${PYTHONPATH} /usr/bin/python3 -W ignore:setup.py install is deprecated -W ignore:easy_install command is deprecated setup.py develop --editable --build-directory /home/parallels/workspace/auto_nav_pioneer_ws/build/auto_nav_pioneer_pkg/build --no-deps symlink_data
[0.987s] INFO:colcon.colcon_core.shell:Creating environment descriptor '/home/parallels/workspace/auto_nav_pioneer_ws/build/auto_nav_pioneer_pkg/share/auto_nav_pioneer_pkg/hook/pythonpath_develop.dsv'
[0.987s] INFO:colcon.colcon_core.shell:Creating environment hook '/home/parallels/workspace/auto_nav_pioneer_ws/build/auto_nav_pioneer_pkg/share/auto_nav_pioneer_pkg/hook/pythonpath_develop.sh'
[0.989s] Level 1:colcon.colcon_core.environment:checking '/home/parallels/workspace/auto_nav_pioneer_ws/install/auto_nav_pioneer_pkg' for CMake module files
[0.989s] Level 1:colcon.colcon_core.environment:checking '/home/parallels/workspace/auto_nav_pioneer_ws/install/auto_nav_pioneer_pkg' for CMake config files
[0.989s] Level 1:colcon.colcon_core.environment:checking '/home/parallels/workspace/auto_nav_pioneer_ws/install/auto_nav_pioneer_pkg/lib'
[0.990s] Level 1:colcon.colcon_core.environment:checking '/home/parallels/workspace/auto_nav_pioneer_ws/install/auto_nav_pioneer_pkg/bin'
[0.990s] Level 1:colcon.colcon_core.environment:checking '/home/parallels/workspace/auto_nav_pioneer_ws/install/auto_nav_pioneer_pkg/lib/pkgconfig/auto_nav_pioneer_pkg.pc'
[0.990s] Level 1:colcon.colcon_core.environment:checking '/home/parallels/workspace/auto_nav_pioneer_ws/install/auto_nav_pioneer_pkg/lib/python3.12/site-packages'
[0.990s] Level 1:colcon.colcon_core.shell:create_environment_hook('auto_nav_pioneer_pkg', 'pythonpath')
[0.990s] INFO:colcon.colcon_core.shell:Creating environment hook '/home/parallels/workspace/auto_nav_pioneer_ws/install/auto_nav_pioneer_pkg/share/auto_nav_pioneer_pkg/hook/pythonpath.ps1'
[0.990s] INFO:colcon.colcon_core.shell:Creating environment descriptor '/home/parallels/workspace/auto_nav_pioneer_ws/install/auto_nav_pioneer_pkg/share/auto_nav_pioneer_pkg/hook/pythonpath.dsv'
[0.990s] INFO:colcon.colcon_core.shell:Creating environment hook '/home/parallels/workspace/auto_nav_pioneer_ws/install/auto_nav_pioneer_pkg/share/auto_nav_pioneer_pkg/hook/pythonpath.sh'
[0.991s] Level 1:colcon.colcon_core.environment:checking '/home/parallels/workspace/auto_nav_pioneer_ws/install/auto_nav_pioneer_pkg/bin'
[0.991s] Level 1:colcon.colcon_core.environment:create_environment_scripts_only(auto_nav_pioneer_pkg)
[0.991s] INFO:colcon.colcon_core.shell:Creating package script '/home/parallels/workspace/auto_nav_pioneer_ws/install/auto_nav_pioneer_pkg/share/auto_nav_pioneer_pkg/package.ps1'
[0.991s] INFO:colcon.colcon_core.shell:Creating package descriptor '/home/parallels/workspace/auto_nav_pioneer_ws/install/auto_nav_pioneer_pkg/share/auto_nav_pioneer_pkg/package.dsv'
[0.991s] INFO:colcon.colcon_core.shell:Creating package script '/home/parallels/workspace/auto_nav_pioneer_ws/install/auto_nav_pioneer_pkg/share/auto_nav_pioneer_pkg/package.sh'
[0.992s] INFO:colcon.colcon_core.shell:Creating package script '/home/parallels/workspace/auto_nav_pioneer_ws/install/auto_nav_pioneer_pkg/share/auto_nav_pioneer_pkg/package.bash'
[0.992s] INFO:colcon.colcon_core.shell:Creating package script '/home/parallels/workspace/auto_nav_pioneer_ws/install/auto_nav_pioneer_pkg/share/auto_nav_pioneer_pkg/package.zsh'
[0.992s] Level 1:colcon.colcon_core.environment:create_file_with_runtime_dependencies(/home/parallels/workspace/auto_nav_pioneer_ws/install/auto_nav_pioneer_pkg/share/colcon-core/packages/auto_nav_pioneer_pkg)
[0.992s] DEBUG:colcon.colcon_parallel_executor.executor.parallel:closing loop
[0.992s] DEBUG:colcon.colcon_parallel_executor.executor.parallel:loop closed
[0.992s] DEBUG:colcon.colcon_parallel_executor.executor.parallel:run_until_complete finished with '0'
[0.992s] DEBUG:colcon.colcon_core.event_reactor:joining thread
[0.995s] INFO:colcon.colcon_core.plugin_system:Skipping extension 'colcon_notification.desktop_notification.terminal_notifier': Not used on non-Darwin systems
[0.996s] INFO:colcon.colcon_core.plugin_system:Skipping extension 'colcon_notification.desktop_notification.win32': Not used on non-Windows systems
[0.996s] INFO:colcon.colcon_notification.desktop_notification:Sending desktop notification using 'notify2'
[1.002s] DEBUG:colcon.colcon_core.event_reactor:joined thread
[1.002s] INFO:colcon.colcon_core.shell:Creating prefix script '/home/parallels/workspace/auto_nav_pioneer_ws/install/local_setup.ps1'
[1.003s] INFO:colcon.colcon_core.shell:Creating prefix util module '/home/parallels/workspace/auto_nav_pioneer_ws/install/_local_setup_util_ps1.py'
[1.004s] INFO:colcon.colcon_core.shell:Creating prefix chain script '/home/parallels/workspace/auto_nav_pioneer_ws/install/setup.ps1'
[1.004s] INFO:colcon.colcon_core.shell:Creating prefix script '/home/parallels/workspace/auto_nav_pioneer_ws/install/local_setup.sh'
[1.004s] INFO:colcon.colcon_core.shell:Creating prefix util module '/home/parallels/workspace/auto_nav_pioneer_ws/install/_local_setup_util_sh.py'
[1.005s] INFO:colcon.colcon_core.shell:Creating prefix chain script '/home/parallels/workspace/auto_nav_pioneer_ws/install/setup.sh'
[1.006s] INFO:colcon.colcon_core.shell:Creating prefix script '/home/parallels/workspace/auto_nav_pioneer_ws/install/local_setup.bash'
[1.006s] INFO:colcon.colcon_core.shell:Creating prefix chain script '/home/parallels/workspace/auto_nav_pioneer_ws/install/setup.bash'
[1.006s] INFO:colcon.colcon_core.shell:Creating prefix script '/home/parallels/workspace/auto_nav_pioneer_ws/install/local_setup.zsh'
[1.007s] INFO:colcon.colcon_core.shell:Creating prefix chain script '/home/parallels/workspace/auto_nav_pioneer_ws/install/setup.zsh'
